28-Mar-2025 15:31:24.849 INFO [main] org.apache.catalina.startup.VersionLoggerListener.log Server version name:   Apache Tomcat/9.0.55
28-Mar-2025 15:31:24.854 INFO [main] org.apache.catalina.startup.VersionLoggerListener.log Server built:          Nov 10 2021 08:26:45 UTC
28-Mar-2025 15:31:24.854 INFO [main] org.apache.catalina.startup.VersionLoggerListener.log Server version number: 9.0.55.0
28-Mar-2025 15:31:24.854 INFO [main] org.apache.catalina.startup.VersionLoggerListener.log OS Name:               Windows 11
28-Mar-2025 15:31:24.854 INFO [main] org.apache.catalina.startup.VersionLoggerListener.log OS Version:            10.0
28-Mar-2025 15:31:24.854 INFO [main] org.apache.catalina.startup.VersionLoggerListener.log Architecture:          amd64
28-Mar-2025 15:31:24.856 INFO [main] org.apache.catalina.startup.VersionLoggerListener.log Java Home:             C:\Program Files\Java\jdk-11.0.15.1
28-Mar-2025 15:31:24.856 INFO [main] org.apache.catalina.startup.VersionLoggerListener.log JVM Version:           11.0.15.1+2-LTS-10
28-Mar-2025 15:31:24.856 INFO [main] org.apache.catalina.startup.VersionLoggerListener.log JVM Vendor:            Oracle Corporation
28-Mar-2025 15:31:24.857 INFO [main] org.apache.catalina.startup.VersionLoggerListener.log CATALINA_BASE:         D:\softwares\servers\apache-tomcat-9.0.55
28-Mar-2025 15:31:24.857 INFO [main] org.apache.catalina.startup.VersionLoggerListener.log CATALINA_HOME:         D:\softwares\servers\apache-tomcat-9.0.55
28-Mar-2025 15:31:24.876 INFO [main] org.apache.catalina.startup.VersionLoggerListener.log Command line argument: --add-opens=java.base/java.lang=ALL-UNNAMED
28-Mar-2025 15:31:24.877 INFO [main] org.apache.catalina.startup.VersionLoggerListener.log Command line argument: --add-opens=java.base/java.io=ALL-UNNAMED
28-Mar-2025 15:31:24.877 INFO [main] org.apache.catalina.startup.VersionLoggerListener.log Command line argument: --add-opens=java.base/java.util=ALL-UNNAMED
28-Mar-2025 15:31:24.877 INFO [main] org.apache.catalina.startup.VersionLoggerListener.log Command line argument: --add-opens=java.base/java.util.concurrent=ALL-UNNAMED
28-Mar-2025 15:31:24.878 INFO [main] org.apache.catalina.startup.VersionLoggerListener.log Command line argument: --add-opens=java.rmi/sun.rmi.transport=ALL-UNNAMED
28-Mar-2025 15:31:24.878 INFO [main] org.apache.catalina.startup.VersionLoggerListener.log Command line argument: -Djava.util.logging.config.file=D:\softwares\servers\apache-tomcat-9.0.55\conf\logging.properties
28-Mar-2025 15:31:24.878 INFO [main] org.apache.catalina.startup.VersionLoggerListener.log Command line argument: -Djava.util.logging.manager=org.apache.juli.ClassLoaderLogManager
28-Mar-2025 15:31:24.879 INFO [main] org.apache.catalina.startup.VersionLoggerListener.log Command line argument: -Djdk.tls.ephemeralDHKeySize=2048
28-Mar-2025 15:31:24.879 INFO [main] org.apache.catalina.startup.VersionLoggerListener.log Command line argument: -Djava.protocol.handler.pkgs=org.apache.catalina.webresources
28-Mar-2025 15:31:24.879 INFO [main] org.apache.catalina.startup.VersionLoggerListener.log Command line argument: -Dignore.endorsed.dirs=
28-Mar-2025 15:31:24.879 INFO [main] org.apache.catalina.startup.VersionLoggerListener.log Command line argument: -Dcatalina.base=D:\softwares\servers\apache-tomcat-9.0.55
28-Mar-2025 15:31:24.880 INFO [main] org.apache.catalina.startup.VersionLoggerListener.log Command line argument: -Dcatalina.home=D:\softwares\servers\apache-tomcat-9.0.55
28-Mar-2025 15:31:24.880 INFO [main] org.apache.catalina.startup.VersionLoggerListener.log Command line argument: -Djava.io.tmpdir=D:\softwares\servers\apache-tomcat-9.0.55\temp
28-Mar-2025 15:31:24.885 INFO [main] org.apache.catalina.core.AprLifecycleListener.lifecycleEvent The Apache Tomcat Native library which allows using OpenSSL was not found on the java.library.path: [C:\Program Files\Java\jdk-11.0.15.1\bin;C:\Windows\Sun\Java\bin;C:\Windows\system32;C:\Windows;C:\Windows\system32;C:\Windows;C:\Windows\System32\Wbem;C:\Windows\System32\WindowsPowerShell\v1.0\;C:\Windows\System32\OpenSSH\;C:\Program Files\Git\cmd;;C:\Program Files\Docker\Docker\resources\bin;C:\Windows\system32;C:\Windows;C:\Windows\System32\Wbem;C:\Windows\System32\WindowsPowerShell\v1.0\;C:\Windows\System32\OpenSSH\;C:\Program Files\Git\cmd;;C:\Program Files\Docker\Docker\resources\bin;C:\Program Files\Java\jdk-11.0.15.1\bin;.]
28-Mar-2025 15:31:25.287 INFO [main] org.apache.coyote.AbstractProtocol.init Initializing ProtocolHandler ["http-nio-8080"]
28-Mar-2025 15:31:25.320 INFO [main] org.apache.catalina.startup.Catalina.load Server initialization in [786] milliseconds
28-Mar-2025 15:31:25.409 INFO [main] org.apache.catalina.core.StandardService.startInternal Starting service [Catalina]
28-Mar-2025 15:31:25.409 INFO [main] org.apache.catalina.core.StandardEngine.startInternal Starting Servlet engine: [Apache Tomcat/9.0.55]
28-Mar-2025 15:31:25.424 INFO [main] org.apache.catalina.startup.HostConfig.deployDirectory Deploying web application directory [D:\softwares\servers\apache-tomcat-9.0.55\webapps\docs]
28-Mar-2025 15:31:25.882 WARNING [main] org.apache.catalina.util.SessionIdGeneratorBase.createSecureRandom Creation of SecureRandom instance for session ID generation using [SHA1PRNG] took [199] milliseconds.
28-Mar-2025 15:31:25.930 INFO [main] org.apache.catalina.startup.HostConfig.deployDirectory Deployment of web application directory [D:\softwares\servers\apache-tomcat-9.0.55\webapps\docs] has finished in [506] ms
28-Mar-2025 15:31:25.930 INFO [main] org.apache.catalina.startup.HostConfig.deployDirectory Deploying web application directory [D:\softwares\servers\apache-tomcat-9.0.55\webapps\examples]
28-Mar-2025 15:31:26.300 INFO [main] org.apache.catalina.startup.HostConfig.deployDirectory Deployment of web application directory [D:\softwares\servers\apache-tomcat-9.0.55\webapps\examples] has finished in [370] ms
28-Mar-2025 15:31:26.300 INFO [main] org.apache.catalina.startup.HostConfig.deployDirectory Deploying web application directory [D:\softwares\servers\apache-tomcat-9.0.55\webapps\host-manager]
28-Mar-2025 15:31:26.342 INFO [main] org.apache.catalina.startup.HostConfig.deployDirectory Deployment of web application directory [D:\softwares\servers\apache-tomcat-9.0.55\webapps\host-manager] has finished in [42] ms
28-Mar-2025 15:31:26.343 INFO [main] org.apache.catalina.startup.HostConfig.deployDirectory Deploying web application directory [D:\softwares\servers\apache-tomcat-9.0.55\webapps\manager]
28-Mar-2025 15:31:26.385 INFO [main] org.apache.catalina.startup.HostConfig.deployDirectory Deployment of web application directory [D:\softwares\servers\apache-tomcat-9.0.55\webapps\manager] has finished in [42] ms
28-Mar-2025 15:31:26.386 INFO [main] org.apache.catalina.startup.HostConfig.deployDirectory Deploying web application directory [D:\softwares\servers\apache-tomcat-9.0.55\webapps\ROOT]
28-Mar-2025 15:31:26.414 INFO [main] org.apache.catalina.startup.HostConfig.deployDirectory Deployment of web application directory [D:\softwares\servers\apache-tomcat-9.0.55\webapps\ROOT] has finished in [27] ms
28-Mar-2025 15:31:26.420 INFO [main] org.apache.coyote.AbstractProtocol.start Starting ProtocolHandler ["http-nio-8080"]
28-Mar-2025 15:31:26.627 INFO [main] org.apache.catalina.startup.Catalina.start Server startup in [1307] milliseconds
28-Mar-2025 15:31:42.771 INFO [Thread-2] org.apache.coyote.AbstractProtocol.pause Pausing ProtocolHandler ["http-nio-8080"]
28-Mar-2025 15:31:43.043 INFO [Thread-2] org.apache.catalina.core.StandardService.stopInternal Stopping service [Catalina]
28-Mar-2025 15:31:43.147 INFO [Thread-2] org.apache.coyote.AbstractProtocol.stop Stopping ProtocolHandler ["http-nio-8080"]
28-Mar-2025 15:31:43.166 INFO [Thread-2] org.apache.coyote.AbstractProtocol.destroy Destroying ProtocolHandler ["http-nio-8080"]
