22-Mar-2025 15:31:55.220 INFO [main] org.apache.catalina.startup.VersionLoggerListener.log Server version name:   Apache Tomcat/9.0.55
22-Mar-2025 15:31:55.224 INFO [main] org.apache.catalina.startup.VersionLoggerListener.log Server built:          Nov 10 2021 08:26:45 UTC
22-Mar-2025 15:31:55.227 INFO [main] org.apache.catalina.startup.VersionLoggerListener.log Server version number: 9.0.55.0
22-Mar-2025 15:31:55.228 INFO [main] org.apache.catalina.startup.VersionLoggerListener.log OS Name:               Windows 11
22-Mar-2025 15:31:55.228 INFO [main] org.apache.catalina.startup.VersionLoggerListener.log OS Version:            10.0
22-Mar-2025 15:31:55.229 INFO [main] org.apache.catalina.startup.VersionLoggerListener.log Architecture:          amd64
22-Mar-2025 15:31:55.229 INFO [main] org.apache.catalina.startup.VersionLoggerListener.log Java Home:             C:\Program Files\Java\jdk-11.0.15.1
22-Mar-2025 15:31:55.229 INFO [main] org.apache.catalina.startup.VersionLoggerListener.log JVM Version:           11.0.15.1+2-LTS-10
22-Mar-2025 15:31:55.229 INFO [main] org.apache.catalina.startup.VersionLoggerListener.log JVM Vendor:            Oracle Corporation
22-Mar-2025 15:31:55.230 INFO [main] org.apache.catalina.startup.VersionLoggerListener.log CATALINA_BASE:         D:\Rays\DevOps Workspace\devops-batch\servers\apache-tomcat-9.0.55
22-Mar-2025 15:31:55.230 INFO [main] org.apache.catalina.startup.VersionLoggerListener.log CATALINA_HOME:         D:\Rays\DevOps Workspace\devops-batch\servers\apache-tomcat-9.0.55
22-Mar-2025 15:31:55.264 INFO [main] org.apache.catalina.startup.VersionLoggerListener.log Command line argument: --add-opens=java.base/java.lang=ALL-UNNAMED
22-Mar-2025 15:31:55.265 INFO [main] org.apache.catalina.startup.VersionLoggerListener.log Command line argument: --add-opens=java.base/java.io=ALL-UNNAMED
22-Mar-2025 15:31:55.266 INFO [main] org.apache.catalina.startup.VersionLoggerListener.log Command line argument: --add-opens=java.base/java.util=ALL-UNNAMED
22-Mar-2025 15:31:55.268 INFO [main] org.apache.catalina.startup.VersionLoggerListener.log Command line argument: --add-opens=java.base/java.util.concurrent=ALL-UNNAMED
22-Mar-2025 15:31:55.268 INFO [main] org.apache.catalina.startup.VersionLoggerListener.log Command line argument: --add-opens=java.rmi/sun.rmi.transport=ALL-UNNAMED
22-Mar-2025 15:31:55.268 INFO [main] org.apache.catalina.startup.VersionLoggerListener.log Command line argument: -Djava.util.logging.config.file=D:\Rays\DevOps Workspace\devops-batch\servers\apache-tomcat-9.0.55\conf\logging.properties
22-Mar-2025 15:31:55.268 INFO [main] org.apache.catalina.startup.VersionLoggerListener.log Command line argument: -Djava.util.logging.manager=org.apache.juli.ClassLoaderLogManager
22-Mar-2025 15:31:55.270 INFO [main] org.apache.catalina.startup.VersionLoggerListener.log Command line argument: -Djdk.tls.ephemeralDHKeySize=2048
22-Mar-2025 15:31:55.270 INFO [main] org.apache.catalina.startup.VersionLoggerListener.log Command line argument: -Djava.protocol.handler.pkgs=org.apache.catalina.webresources
22-Mar-2025 15:31:55.270 INFO [main] org.apache.catalina.startup.VersionLoggerListener.log Command line argument: -Dignore.endorsed.dirs=
22-Mar-2025 15:31:55.270 INFO [main] org.apache.catalina.startup.VersionLoggerListener.log Command line argument: -Dcatalina.base=D:\Rays\DevOps Workspace\devops-batch\servers\apache-tomcat-9.0.55
22-Mar-2025 15:31:55.270 INFO [main] org.apache.catalina.startup.VersionLoggerListener.log Command line argument: -Dcatalina.home=D:\Rays\DevOps Workspace\devops-batch\servers\apache-tomcat-9.0.55
22-Mar-2025 15:31:55.271 INFO [main] org.apache.catalina.startup.VersionLoggerListener.log Command line argument: -Djava.io.tmpdir=D:\Rays\DevOps Workspace\devops-batch\servers\apache-tomcat-9.0.55\temp
22-Mar-2025 15:31:55.282 INFO [main] org.apache.catalina.core.AprLifecycleListener.lifecycleEvent The Apache Tomcat Native library which allows using OpenSSL was not found on the java.library.path: [C:\Program Files\Java\jdk-11.0.15.1\bin;C:\Windows\Sun\Java\bin;C:\Windows\system32;C:\Windows;C:\Windows\system32;C:\Windows;C:\Windows\System32\Wbem;C:\Windows\System32\WindowsPowerShell\v1.0\;C:\Windows\System32\OpenSSH\;C:\Program Files\Git\cmd;C:\Program Files\Meld\;C:\Program Files\nodejs\;C:\Program Files\Docker\Docker\resources\bin;C:\Users\Lenovo\AppData\Local\Programs\Python\Python310\Scripts\;C:\Users\Lenovo\AppData\Local\Programs\Python\Python310\;C:\Windows\system32;C:\Windows;C:\Windows\System32\Wbem;C:\Windows\System32\WindowsPowerShell\v1.0\;C:\Windows\System32\OpenSSH\;C:\Program Files\Git\cmd;C:\Program Files\Meld\;C:\Program Files\nodejs\;C:\Program Files\Docker\Docker\resources\bin;;C:\Program Files\Java\jdk-11.0.15.1\bin;C:\Users\Lenovo\AppData\Roaming\npm;C:\Users\Lenovo\AppData\Local\Programs\Microsoft VS Code\bin;C:\Program Files\JetBrains\PyCharm Community Edition 2024.1.4\bin;;;.]
22-Mar-2025 15:31:55.738 INFO [main] org.apache.coyote.AbstractProtocol.init Initializing ProtocolHandler ["http-nio-8080"]
22-Mar-2025 15:31:55.797 INFO [main] org.apache.catalina.startup.Catalina.load Server initialization in [1107] milliseconds
22-Mar-2025 15:31:55.897 INFO [main] org.apache.catalina.core.StandardService.startInternal Starting service [Catalina]
22-Mar-2025 15:31:55.897 INFO [main] org.apache.catalina.core.StandardEngine.startInternal Starting Servlet engine: [Apache Tomcat/9.0.55]
22-Mar-2025 15:31:55.933 INFO [main] org.apache.catalina.startup.HostConfig.deployDirectory Deploying web application directory [D:\Rays\DevOps Workspace\devops-batch\servers\apache-tomcat-9.0.55\webapps\docs]
22-Mar-2025 15:31:56.438 WARNING [main] org.apache.catalina.util.SessionIdGeneratorBase.createSecureRandom Creation of SecureRandom instance for session ID generation using [SHA1PRNG] took [170] milliseconds.
22-Mar-2025 15:31:56.487 INFO [main] org.apache.catalina.startup.HostConfig.deployDirectory Deployment of web application directory [D:\Rays\DevOps Workspace\devops-batch\servers\apache-tomcat-9.0.55\webapps\docs] has finished in [554] ms
22-Mar-2025 15:31:56.495 INFO [main] org.apache.catalina.startup.HostConfig.deployDirectory Deploying web application directory [D:\Rays\DevOps Workspace\devops-batch\servers\apache-tomcat-9.0.55\webapps\examples]
22-Mar-2025 15:31:57.696 INFO [main] org.apache.catalina.startup.HostConfig.deployDirectory Deployment of web application directory [D:\Rays\DevOps Workspace\devops-batch\servers\apache-tomcat-9.0.55\webapps\examples] has finished in [1,202] ms
22-Mar-2025 15:31:57.697 INFO [main] org.apache.catalina.startup.HostConfig.deployDirectory Deploying web application directory [D:\Rays\DevOps Workspace\devops-batch\servers\apache-tomcat-9.0.55\webapps\host-manager]
22-Mar-2025 15:31:57.782 INFO [main] org.apache.catalina.startup.HostConfig.deployDirectory Deployment of web application directory [D:\Rays\DevOps Workspace\devops-batch\servers\apache-tomcat-9.0.55\webapps\host-manager] has finished in [84] ms
22-Mar-2025 15:31:57.783 INFO [main] org.apache.catalina.startup.HostConfig.deployDirectory Deploying web application directory [D:\Rays\DevOps Workspace\devops-batch\servers\apache-tomcat-9.0.55\webapps\manager]
22-Mar-2025 15:31:57.845 INFO [main] org.apache.catalina.startup.HostConfig.deployDirectory Deployment of web application directory [D:\Rays\DevOps Workspace\devops-batch\servers\apache-tomcat-9.0.55\webapps\manager] has finished in [62] ms
22-Mar-2025 15:31:57.846 INFO [main] org.apache.catalina.startup.HostConfig.deployDirectory Deploying web application directory [D:\Rays\DevOps Workspace\devops-batch\servers\apache-tomcat-9.0.55\webapps\ROOT]
22-Mar-2025 15:31:57.924 INFO [main] org.apache.catalina.startup.HostConfig.deployDirectory Deployment of web application directory [D:\Rays\DevOps Workspace\devops-batch\servers\apache-tomcat-9.0.55\webapps\ROOT] has finished in [79] ms
22-Mar-2025 15:31:57.934 INFO [main] org.apache.coyote.AbstractProtocol.start Starting ProtocolHandler ["http-nio-8080"]
22-Mar-2025 15:31:58.075 INFO [main] org.apache.catalina.startup.Catalina.start Server startup in [2277] milliseconds
22-Mar-2025 15:32:50.105 INFO [main] org.apache.catalina.core.StandardServer.await A valid shutdown command was received via the shutdown port. Stopping the Server instance.
22-Mar-2025 15:32:50.108 INFO [main] org.apache.coyote.AbstractProtocol.pause Pausing ProtocolHandler ["http-nio-8080"]
22-Mar-2025 15:32:50.356 INFO [main] org.apache.catalina.core.StandardService.stopInternal Stopping service [Catalina]
22-Mar-2025 15:32:50.453 INFO [main] org.apache.coyote.AbstractProtocol.stop Stopping ProtocolHandler ["http-nio-8080"]
22-Mar-2025 15:32:50.489 INFO [main] org.apache.coyote.AbstractProtocol.destroy Destroying ProtocolHandler ["http-nio-8080"]
