05-Mar-2025 13:22:12.176 INFO [main] org.apache.catalina.startup.VersionLoggerListener.log Server version name:   Apache Tomcat/9.0.55
05-Mar-2025 13:22:12.180 INFO [main] org.apache.catalina.startup.VersionLoggerListener.log Server built:          Nov 10 2021 08:26:45 UTC
05-Mar-2025 13:22:12.182 INFO [main] org.apache.catalina.startup.VersionLoggerListener.log Server version number: 9.0.55.0
05-Mar-2025 13:22:12.183 INFO [main] org.apache.catalina.startup.VersionLoggerListener.log OS Name:               Windows 11
05-Mar-2025 13:22:12.183 INFO [main] org.apache.catalina.startup.VersionLoggerListener.log OS Version:            10.0
05-Mar-2025 13:22:12.185 INFO [main] org.apache.catalina.startup.VersionLoggerListener.log Architecture:          amd64
05-Mar-2025 13:22:12.185 INFO [main] org.apache.catalina.startup.VersionLoggerListener.log Java Home:             C:\Program Files\Java\jdk-11.0.15.1
05-Mar-2025 13:22:12.186 INFO [main] org.apache.catalina.startup.VersionLoggerListener.log JVM Version:           11.0.15.1+2-LTS-10
05-Mar-2025 13:22:12.186 INFO [main] org.apache.catalina.startup.VersionLoggerListener.log JVM Vendor:            Oracle Corporation
05-Mar-2025 13:22:12.187 INFO [main] org.apache.catalina.startup.VersionLoggerListener.log CATALINA_BASE:         D:\Softwares\Server\apache-tomcat-9.0.55
05-Mar-2025 13:22:12.187 INFO [main] org.apache.catalina.startup.VersionLoggerListener.log CATALINA_HOME:         D:\Softwares\Server\apache-tomcat-9.0.55
05-Mar-2025 13:22:12.218 INFO [main] org.apache.catalina.startup.VersionLoggerListener.log Command line argument: --add-opens=java.base/java.lang=ALL-UNNAMED
05-Mar-2025 13:22:12.219 INFO [main] org.apache.catalina.startup.VersionLoggerListener.log Command line argument: --add-opens=java.base/java.io=ALL-UNNAMED
05-Mar-2025 13:22:12.219 INFO [main] org.apache.catalina.startup.VersionLoggerListener.log Command line argument: --add-opens=java.base/java.util=ALL-UNNAMED
05-Mar-2025 13:22:12.220 INFO [main] org.apache.catalina.startup.VersionLoggerListener.log Command line argument: --add-opens=java.base/java.util.concurrent=ALL-UNNAMED
05-Mar-2025 13:22:12.222 INFO [main] org.apache.catalina.startup.VersionLoggerListener.log Command line argument: --add-opens=java.rmi/sun.rmi.transport=ALL-UNNAMED
05-Mar-2025 13:22:12.222 INFO [main] org.apache.catalina.startup.VersionLoggerListener.log Command line argument: -Djava.util.logging.config.file=D:\Softwares\Server\apache-tomcat-9.0.55\conf\logging.properties
05-Mar-2025 13:22:12.223 INFO [main] org.apache.catalina.startup.VersionLoggerListener.log Command line argument: -Djava.util.logging.manager=org.apache.juli.ClassLoaderLogManager
05-Mar-2025 13:22:12.223 INFO [main] org.apache.catalina.startup.VersionLoggerListener.log Command line argument: -Djdk.tls.ephemeralDHKeySize=2048
05-Mar-2025 13:22:12.223 INFO [main] org.apache.catalina.startup.VersionLoggerListener.log Command line argument: -Djava.protocol.handler.pkgs=org.apache.catalina.webresources
05-Mar-2025 13:22:12.224 INFO [main] org.apache.catalina.startup.VersionLoggerListener.log Command line argument: -Dignore.endorsed.dirs=
05-Mar-2025 13:22:12.224 INFO [main] org.apache.catalina.startup.VersionLoggerListener.log Command line argument: -Dcatalina.base=D:\Softwares\Server\apache-tomcat-9.0.55
05-Mar-2025 13:22:12.225 INFO [main] org.apache.catalina.startup.VersionLoggerListener.log Command line argument: -Dcatalina.home=D:\Softwares\Server\apache-tomcat-9.0.55
05-Mar-2025 13:22:12.226 INFO [main] org.apache.catalina.startup.VersionLoggerListener.log Command line argument: -Djava.io.tmpdir=D:\Softwares\Server\apache-tomcat-9.0.55\temp
05-Mar-2025 13:22:12.235 INFO [main] org.apache.catalina.core.AprLifecycleListener.lifecycleEvent The Apache Tomcat Native library which allows using OpenSSL was not found on the java.library.path: [C:\Program Files\Java\jdk-11.0.15.1\bin;C:\Windows\Sun\Java\bin;C:\Windows\system32;C:\Windows;C:\Windows\system32;C:\Windows;C:\Windows\System32\Wbem;C:\Windows\System32\WindowsPowerShell\v1.0\;C:\Windows\System32\OpenSSH\;C:\Program Files\Git\cmd;C:\Program Files\Meld\;C:\Program Files\nodejs\;C:\Program Files\Docker\Docker\resources\bin;C:\Users\Lenovo\AppData\Local\Programs\Python\Python310\Scripts\;C:\Users\Lenovo\AppData\Local\Programs\Python\Python310\;C:\Windows\system32;C:\Windows;C:\Windows\System32\Wbem;C:\Windows\System32\WindowsPowerShell\v1.0\;C:\Windows\System32\OpenSSH\;C:\Program Files\Git\cmd;C:\Program Files\Meld\;C:\Program Files\nodejs\;C:\Program Files\Docker\Docker\resources\bin;;C:\Program Files\Java\jdk-11.0.15.1\bin;C:\Users\Lenovo\AppData\Roaming\npm;C:\Users\Lenovo\AppData\Local\Programs\Microsoft VS Code\bin;C:\Program Files\JetBrains\PyCharm Community Edition 2024.1.4\bin;;;.]
05-Mar-2025 13:22:12.642 INFO [main] org.apache.coyote.AbstractProtocol.init Initializing ProtocolHandler ["http-nio-8080"]
05-Mar-2025 13:22:12.688 INFO [main] org.apache.catalina.startup.Catalina.load Server initialization in [858] milliseconds
05-Mar-2025 13:22:12.772 INFO [main] org.apache.catalina.core.StandardService.startInternal Starting service [Catalina]
05-Mar-2025 13:22:12.772 INFO [main] org.apache.catalina.core.StandardEngine.startInternal Starting Servlet engine: [Apache Tomcat/9.0.55]
05-Mar-2025 13:22:12.813 INFO [main] org.apache.catalina.startup.HostConfig.deployWAR Deploying web application archive [D:\Softwares\Server\apache-tomcat-9.0.55\webapps\jenkins.war]
05-Mar-2025 13:22:38.443 INFO [main] org.apache.jasper.servlet.TldScanner.scanJars At least one JAR was scanned for TLDs yet contained no TLDs. Enable debug logging for this logger for a complete list of JARs that were scanned but no TLDs were found in them. Skipping unneeded JARs during scanning can improve startup time and JSP compilation time.
05-Mar-2025 13:22:41.179 WARNING [main] org.apache.catalina.util.SessionIdGeneratorBase.createSecureRandom Creation of SecureRandom instance for session ID generation using [SHA1PRNG] took [365] milliseconds.
05-Mar-2025 13:22:41.330 INFO [main] org.apache.catalina.startup.HostConfig.deployWAR Deployment of web application archive [D:\Softwares\Server\apache-tomcat-9.0.55\webapps\jenkins.war] has finished in [28,517] ms
05-Mar-2025 13:22:41.344 INFO [main] org.apache.catalina.startup.HostConfig.deployDirectory Deploying web application directory [D:\Softwares\Server\apache-tomcat-9.0.55\webapps\angular-aws]
05-Mar-2025 13:22:41.428 INFO [main] org.apache.catalina.startup.HostConfig.deployDirectory Deployment of web application directory [D:\Softwares\Server\apache-tomcat-9.0.55\webapps\angular-aws] has finished in [83] ms
05-Mar-2025 13:22:41.429 INFO [main] org.apache.catalina.startup.HostConfig.deployDirectory Deploying web application directory [D:\Softwares\Server\apache-tomcat-9.0.55\webapps\angular-django]
05-Mar-2025 13:22:41.499 INFO [main] org.apache.catalina.startup.HostConfig.deployDirectory Deployment of web application directory [D:\Softwares\Server\apache-tomcat-9.0.55\webapps\angular-django] has finished in [67] ms
05-Mar-2025 13:22:41.509 INFO [main] org.apache.catalina.startup.HostConfig.deployDirectory Deploying web application directory [D:\Softwares\Server\apache-tomcat-9.0.55\webapps\docs]
05-Mar-2025 13:22:41.572 INFO [main] org.apache.catalina.startup.HostConfig.deployDirectory Deployment of web application directory [D:\Softwares\Server\apache-tomcat-9.0.55\webapps\docs] has finished in [62] ms
05-Mar-2025 13:22:41.574 INFO [main] org.apache.catalina.startup.HostConfig.deployDirectory Deploying web application directory [D:\Softwares\Server\apache-tomcat-9.0.55\webapps\examples]
05-Mar-2025 13:22:42.657 INFO [pool-6-thread-3] jenkins.InitReactorRunner$1.onAttained Started initialization
05-Mar-2025 13:22:42.776 INFO [pool-6-thread-7] jenkins.InitReactorRunner$1.onAttained Listed all plugins
05-Mar-2025 13:22:43.702 INFO [main] org.apache.catalina.startup.HostConfig.deployDirectory Deployment of web application directory [D:\Softwares\Server\apache-tomcat-9.0.55\webapps\examples] has finished in [2,128] ms
05-Mar-2025 13:22:43.704 INFO [main] org.apache.catalina.startup.HostConfig.deployDirectory Deploying web application directory [D:\Softwares\Server\apache-tomcat-9.0.55\webapps\host-manager]
05-Mar-2025 13:22:43.787 INFO [main] org.apache.catalina.startup.HostConfig.deployDirectory Deployment of web application directory [D:\Softwares\Server\apache-tomcat-9.0.55\webapps\host-manager] has finished in [82] ms
05-Mar-2025 13:22:43.792 INFO [main] org.apache.catalina.startup.HostConfig.deployDirectory Deploying web application directory [D:\Softwares\Server\apache-tomcat-9.0.55\webapps\manager]
05-Mar-2025 13:22:43.879 INFO [main] org.apache.catalina.startup.HostConfig.deployDirectory Deployment of web application directory [D:\Softwares\Server\apache-tomcat-9.0.55\webapps\manager] has finished in [87] ms
05-Mar-2025 13:22:43.882 INFO [main] org.apache.catalina.startup.HostConfig.deployDirectory Deploying web application directory [D:\Softwares\Server\apache-tomcat-9.0.55\webapps\ROOT]
05-Mar-2025 13:22:43.939 INFO [main] org.apache.catalina.startup.HostConfig.deployDirectory Deployment of web application directory [D:\Softwares\Server\apache-tomcat-9.0.55\webapps\ROOT] has finished in [57] ms
05-Mar-2025 13:22:43.952 INFO [main] org.apache.coyote.AbstractProtocol.start Starting ProtocolHandler ["http-nio-8080"]
05-Mar-2025 13:22:43.997 INFO [main] org.apache.catalina.startup.Catalina.start Server startup in [31308] milliseconds
05-Mar-2025 13:22:47.036 INFO [pool-6-thread-2] jenkins.InitReactorRunner$1.onAttained Prepared all plugins
05-Mar-2025 13:22:47.056 INFO [pool-6-thread-3] jenkins.InitReactorRunner$1.onAttained Started all plugins
05-Mar-2025 13:22:47.083 INFO [pool-6-thread-1] jenkins.InitReactorRunner$1.onAttained Augmented all extensions
05-Mar-2025 13:22:50.037 INFO [pool-6-thread-4] jenkins.InitReactorRunner$1.onAttained Loaded all jobs
05-Mar-2025 13:22:50.071 INFO [Download metadata thread] hudson.model.AsyncPeriodicWork$1.run Started Download metadata
05-Mar-2025 13:22:50.116 INFO [Download metadata thread] hudson.util.Retrier.start Attempt #1 to do the action check updates server
05-Mar-2025 13:22:52.459 INFO [pool-6-thread-4] org.springframework.context.support.AbstractApplicationContext.prepareRefresh Refreshing org.springframework.web.context.support.StaticWebApplicationContext@2e511a95: display name [Root WebApplicationContext]; startup date [Wed Mar 05 13:22:52 IST 2025]; root of context hierarchy
05-Mar-2025 13:22:52.460 INFO [pool-6-thread-4] org.springframework.context.support.AbstractApplicationContext.obtainFreshBeanFactory Bean factory for application context [org.springframework.web.context.support.StaticWebApplicationContext@2e511a95]: org.springframework.beans.factory.support.DefaultListableBeanFactory@19f0f755
05-Mar-2025 13:22:52.505 INFO [pool-6-thread-4] org.springframework.beans.factory.support.DefaultListableBeanFactory.preInstantiateSingletons Pre-instantiating singletons in org.springframework.beans.factory.support.DefaultListableBeanFactory@19f0f755: defining beans [authenticationManager]; root of factory hierarchy
05-Mar-2025 13:22:53.327 INFO [pool-6-thread-4] org.springframework.context.support.AbstractApplicationContext.prepareRefresh Refreshing org.springframework.web.context.support.StaticWebApplicationContext@68cb36dd: display name [Root WebApplicationContext]; startup date [Wed Mar 05 13:22:53 IST 2025]; root of context hierarchy
05-Mar-2025 13:22:53.328 INFO [pool-6-thread-4] org.springframework.context.support.AbstractApplicationContext.obtainFreshBeanFactory Bean factory for application context [org.springframework.web.context.support.StaticWebApplicationContext@68cb36dd]: org.springframework.beans.factory.support.DefaultListableBeanFactory@5aff767d
05-Mar-2025 13:22:53.329 INFO [pool-6-thread-4] org.springframework.beans.factory.support.DefaultListableBeanFactory.preInstantiateSingletons Pre-instantiating singletons in org.springframework.beans.factory.support.DefaultListableBeanFactory@5aff767d: defining beans [filter,legacy]; root of factory hierarchy
05-Mar-2025 13:22:53.878 INFO [pool-6-thread-4] jenkins.install.SetupWizard.init 

*************************************************************
*************************************************************
*************************************************************

Jenkins initial setup is required. An admin user has been created and a password generated.
Please use the following password to proceed to installation:

e99ece1576df4b18a59bf161bfb7ba7e

This may also be found at: C:\Users\Lenovo\.jenkins\secrets\initialAdminPassword

*************************************************************
*************************************************************
*************************************************************

05-Mar-2025 13:23:01.714 WARNING [pool-6-thread-4] hudson.model.UpdateCenter.updateDefaultSite Upgrading Jenkins. Failed to update the default Update Site 'default'. Plugin upgrades may fail.
	java.net.UnknownHostException: updates.jenkins.io
		at java.base/java.net.AbstractPlainSocketImpl.connect(AbstractPlainSocketImpl.java:229)
		at java.base/java.net.SocksSocketImpl.connect(SocksSocketImpl.java:392)
		at java.base/java.net.Socket.connect(Socket.java:608)
		at java.base/sun.security.ssl.SSLSocketImpl.connect(SSLSocketImpl.java:297)
		at java.base/sun.net.NetworkClient.doConnect(NetworkClient.java:177)
		at java.base/sun.net.www.http.HttpClient.openServer(HttpClient.java:474)
		at java.base/sun.net.www.http.HttpClient.openServer(HttpClient.java:569)
		at java.base/sun.net.www.protocol.https.HttpsClient.<init>(HttpsClient.java:265)
		at java.base/sun.net.www.protocol.https.HttpsClient.New(HttpsClient.java:372)
		at java.base/sun.net.www.protocol.https.AbstractDelegateHttpsURLConnection.getNewHttpClient(AbstractDelegateHttpsURLConnection.java:203)
		at java.base/sun.net.www.protocol.http.HttpURLConnection.plainConnect0(HttpURLConnection.java:1187)
		at java.base/sun.net.www.protocol.http.HttpURLConnection.plainConnect(HttpURLConnection.java:1081)
		at java.base/sun.net.www.protocol.https.AbstractDelegateHttpsURLConnection.connect(AbstractDelegateHttpsURLConnection.java:189)
		at java.base/sun.net.www.protocol.http.HttpURLConnection.getInputStream0(HttpURLConnection.java:1592)
		at java.base/sun.net.www.protocol.http.HttpURLConnection.getInputStream(HttpURLConnection.java:1520)
		at java.base/sun.net.www.protocol.https.HttpsURLConnectionImpl.getInputStream(HttpsURLConnectionImpl.java:250)
		at hudson.model.DownloadService.loadJSON(DownloadService.java:167)
		at hudson.model.UpdateSite.updateDirectlyNow(UpdateSite.java:188)
		at hudson.model.UpdateCenter.updateDefaultSite(UpdateCenter.java:2364)
		at jenkins.install.SetupWizard.init(SetupWizard.java:174)
		at jenkins.install.InstallState$InitialSecuritySetup.initializeState(InstallState.java:166)
		at jenkins.model.Jenkins.setInstallState(Jenkins.java:1067)
		at jenkins.install.InstallUtil.proceedToNextStateFrom(InstallUtil.java:97)
		at jenkins.install.InstallState$Unknown.initializeState(InstallState.java:84)
		at jenkins.model.Jenkins$16.run(Jenkins.java:3242)
		at org.jvnet.hudson.reactor.TaskGraphBuilder$TaskImpl.run(TaskGraphBuilder.java:169)
		at org.jvnet.hudson.reactor.Reactor.runTask(Reactor.java:296)
		at jenkins.model.Jenkins$5.runTask(Jenkins.java:1096)
		at org.jvnet.hudson.reactor.Reactor$2.run(Reactor.java:214)
		at org.jvnet.hudson.reactor.Reactor$Node.run(Reactor.java:117)
		at java.base/java.util.concurrent.ThreadPoolExecutor.runWorker(ThreadPoolExecutor.java:1128)
		at java.base/java.util.concurrent.ThreadPoolExecutor$Worker.run(ThreadPoolExecutor.java:628)
		at java.base/java.lang.Thread.run(Thread.java:834)
05-Mar-2025 13:23:01.719 INFO [Download metadata thread] hudson.util.Retrier.start The attempt #1 to do the action check updates server failed with an allowed exception:
	java.net.UnknownHostException: updates.jenkins.io
		at java.base/java.net.AbstractPlainSocketImpl.connect(AbstractPlainSocketImpl.java:229)
		at java.base/java.net.SocksSocketImpl.connect(SocksSocketImpl.java:392)
		at java.base/java.net.Socket.connect(Socket.java:608)
		at java.base/sun.security.ssl.SSLSocketImpl.connect(SSLSocketImpl.java:297)
		at java.base/sun.net.NetworkClient.doConnect(NetworkClient.java:177)
		at java.base/sun.net.www.http.HttpClient.openServer(HttpClient.java:474)
		at java.base/sun.net.www.http.HttpClient.openServer(HttpClient.java:569)
		at java.base/sun.net.www.protocol.https.HttpsClient.<init>(HttpsClient.java:265)
		at java.base/sun.net.www.protocol.https.HttpsClient.New(HttpsClient.java:372)
		at java.base/sun.net.www.protocol.https.AbstractDelegateHttpsURLConnection.getNewHttpClient(AbstractDelegateHttpsURLConnection.java:203)
		at java.base/sun.net.www.protocol.http.HttpURLConnection.plainConnect0(HttpURLConnection.java:1187)
		at java.base/sun.net.www.protocol.http.HttpURLConnection.plainConnect(HttpURLConnection.java:1081)
		at java.base/sun.net.www.protocol.https.AbstractDelegateHttpsURLConnection.connect(AbstractDelegateHttpsURLConnection.java:189)
		at java.base/sun.net.www.protocol.http.HttpURLConnection.getInputStream0(HttpURLConnection.java:1592)
		at java.base/sun.net.www.protocol.http.HttpURLConnection.getInputStream(HttpURLConnection.java:1520)
		at java.base/sun.net.www.protocol.https.HttpsURLConnectionImpl.getInputStream(HttpsURLConnectionImpl.java:250)
		at hudson.model.DownloadService.loadJSON(DownloadService.java:167)
		at hudson.model.UpdateSite.updateDirectlyNow(UpdateSite.java:188)
		at hudson.PluginManager.checkUpdatesServer(PluginManager.java:1748)
		at hudson.util.Retrier.start(Retrier.java:62)
		at hudson.PluginManager.doCheckUpdatesServer(PluginManager.java:1719)
		at jenkins.model.DownloadSettings$DailyCheck.execute(DownloadSettings.java:130)
		at hudson.model.AsyncPeriodicWork$1.run(AsyncPeriodicWork.java:101)
		at java.base/java.lang.Thread.run(Thread.java:834)
05-Mar-2025 13:23:01.722 INFO [Download metadata thread] hudson.util.Retrier.start Calling the listener of the allowed exception 'updates.jenkins.io' at the attempt #1 to do the action check updates server
05-Mar-2025 13:23:01.733 INFO [Download metadata thread] hudson.util.Retrier.start Attempted the action check updates server for 1 time(s) with no success
05-Mar-2025 13:23:01.746 INFO [pool-6-thread-4] jenkins.InitReactorRunner$1.onAttained Completed initialization
05-Mar-2025 13:23:01.807 SEVERE [Download metadata thread] hudson.PluginManager.doCheckUpdatesServer Error checking update sites for 1 attempt(s). Last exception was: UnknownHostException: updates.jenkins.io
05-Mar-2025 13:23:01.825 INFO [Jenkins initialization thread] hudson.WebAppMain$3.run Jenkins is fully up and running
05-Mar-2025 13:23:01.885 INFO [Download metadata thread] hudson.model.AsyncPeriodicWork$1.run Finished Download metadata. 11,800 ms
05-Mar-2025 13:56:03.349 INFO [Thread-3] org.apache.coyote.AbstractProtocol.pause Pausing ProtocolHandler ["http-nio-8080"]
05-Mar-2025 13:56:03.555 INFO [Thread-3] org.apache.catalina.core.StandardService.stopInternal Stopping service [Catalina]
05-Mar-2025 13:56:03.626 INFO [Thread-3] jenkins.model.Jenkins.cleanUp Stopping Jenkins
05-Mar-2025 13:56:03.766 INFO [Thread-3] jenkins.model.Jenkins$18.onAttained Started termination
05-Mar-2025 13:56:03.840 INFO [Thread-3] jenkins.model.Jenkins$18.onAttained Completed termination
05-Mar-2025 13:56:03.841 INFO [Thread-3] jenkins.model.Jenkins._cleanUpDisconnectComputers Starting node disconnection
05-Mar-2025 13:56:03.873 INFO [Thread-3] jenkins.model.Jenkins._cleanUpShutdownPluginManager Stopping plugin manager
05-Mar-2025 13:56:03.875 INFO [Thread-3] jenkins.model.Jenkins._cleanUpPersistQueue Persisting build queue
05-Mar-2025 13:56:03.910 INFO [Thread-3] jenkins.model.Jenkins._cleanUpAwaitDisconnects Waiting for node disconnection completion
05-Mar-2025 13:56:03.911 INFO [Thread-3] jenkins.model.Jenkins.cleanUp Jenkins stopped
05-Mar-2025 13:56:03.919 WARNING [Thread-3] org.apache.catalina.loader.WebappClassLoaderBase.clearReferencesThreads The web application [jenkins] appears to have started a thread named [Computer.threadPoolForRemoting [#3]] but has failed to stop it. This is very likely to create a memory leak. Stack trace of thread:
 java.base@11.0.15.1/jdk.internal.misc.Unsafe.park(Native Method)
 java.base@11.0.15.1/java.util.concurrent.locks.LockSupport.parkNanos(LockSupport.java:234)
 java.base@11.0.15.1/java.util.concurrent.SynchronousQueue$TransferStack.awaitFulfill(SynchronousQueue.java:462)
 java.base@11.0.15.1/java.util.concurrent.SynchronousQueue$TransferStack.transfer(SynchronousQueue.java:361)
 java.base@11.0.15.1/java.util.concurrent.SynchronousQueue.poll(SynchronousQueue.java:937)
 java.base@11.0.15.1/java.util.concurrent.ThreadPoolExecutor.getTask(ThreadPoolExecutor.java:1053)
 java.base@11.0.15.1/java.util.concurrent.ThreadPoolExecutor.runWorker(ThreadPoolExecutor.java:1114)
 java.base@11.0.15.1/java.util.concurrent.ThreadPoolExecutor$Worker.run(ThreadPoolExecutor.java:628)
 java.base@11.0.15.1/java.lang.Thread.run(Thread.java:834)
05-Mar-2025 13:56:03.920 WARNING [Thread-3] org.apache.catalina.loader.WebappClassLoaderBase.clearReferencesThreads The web application [jenkins] appears to have started a thread named [Computer.threadPoolForRemoting [#4]] but has failed to stop it. This is very likely to create a memory leak. Stack trace of thread:
 java.base@11.0.15.1/jdk.internal.misc.Unsafe.park(Native Method)
 java.base@11.0.15.1/java.util.concurrent.locks.LockSupport.parkNanos(LockSupport.java:234)
 java.base@11.0.15.1/java.util.concurrent.SynchronousQueue$TransferStack.awaitFulfill(SynchronousQueue.java:462)
 java.base@11.0.15.1/java.util.concurrent.SynchronousQueue$TransferStack.transfer(SynchronousQueue.java:361)
 java.base@11.0.15.1/java.util.concurrent.SynchronousQueue.poll(SynchronousQueue.java:937)
 java.base@11.0.15.1/java.util.concurrent.ThreadPoolExecutor.getTask(ThreadPoolExecutor.java:1053)
 java.base@11.0.15.1/java.util.concurrent.ThreadPoolExecutor.runWorker(ThreadPoolExecutor.java:1114)
 java.base@11.0.15.1/java.util.concurrent.ThreadPoolExecutor$Worker.run(ThreadPoolExecutor.java:628)
 java.base@11.0.15.1/java.lang.Thread.run(Thread.java:834)
05-Mar-2025 13:56:03.924 SEVERE [Thread-3] org.apache.catalina.loader.WebappClassLoaderBase.checkThreadLocalMapForLeaks The web application [jenkins] created a ThreadLocal with key of type [java.lang.ThreadLocal] (value [java.lang.ThreadLocal@3aa68c6a]) and a value of type [org.acegisecurity.context.SecurityContextImpl] (value [org.acegisecurity.context.SecurityContextImpl@ffffffff: Null authentication]) but failed to remove it when the web application was stopped. Threads are going to be renewed over time to try and avoid a probable memory leak.
05-Mar-2025 13:56:03.927 SEVERE [Thread-3] org.apache.catalina.loader.WebappClassLoaderBase.checkThreadLocalMapForLeaks The web application [jenkins] created a ThreadLocal with key of type [java.lang.ThreadLocal] (value [java.lang.ThreadLocal@3aa68c6a]) and a value of type [org.acegisecurity.context.SecurityContextImpl] (value [org.acegisecurity.context.SecurityContextImpl@ffffffff: Null authentication]) but failed to remove it when the web application was stopped. Threads are going to be renewed over time to try and avoid a probable memory leak.
05-Mar-2025 13:56:03.928 SEVERE [Thread-3] org.apache.catalina.loader.WebappClassLoaderBase.checkThreadLocalMapForLeaks The web application [jenkins] created a ThreadLocal with key of type [java.lang.ThreadLocal] (value [java.lang.ThreadLocal@3aa68c6a]) and a value of type [org.acegisecurity.context.SecurityContextImpl] (value [org.acegisecurity.context.SecurityContextImpl@ffffffff: Null authentication]) but failed to remove it when the web application was stopped. Threads are going to be renewed over time to try and avoid a probable memory leak.
05-Mar-2025 13:56:04.026 INFO [Thread-3] org.apache.coyote.AbstractProtocol.stop Stopping ProtocolHandler ["http-nio-8080"]
05-Mar-2025 13:56:04.070 INFO [Thread-3] org.apache.coyote.AbstractProtocol.destroy Destroying ProtocolHandler ["http-nio-8080"]
