17-Mar-2025 16:23:04.373 INFO [main] org.apache.catalina.startup.VersionLoggerListener.log Server version name:   Apache Tomcat/9.0.55
17-Mar-2025 16:23:04.376 INFO [main] org.apache.catalina.startup.VersionLoggerListener.log Server built:          Nov 10 2021 08:26:45 UTC
17-Mar-2025 16:23:04.378 INFO [main] org.apache.catalina.startup.VersionLoggerListener.log Server version number: 9.0.55.0
17-Mar-2025 16:23:04.378 INFO [main] org.apache.catalina.startup.VersionLoggerListener.log OS Name:               Windows 11
17-Mar-2025 16:23:04.378 INFO [main] org.apache.catalina.startup.VersionLoggerListener.log OS Version:            10.0
17-Mar-2025 16:23:04.378 INFO [main] org.apache.catalina.startup.VersionLoggerListener.log Architecture:          amd64
17-Mar-2025 16:23:04.378 INFO [main] org.apache.catalina.startup.VersionLoggerListener.log Java Home:             C:\Program Files\Java\jdk-11.0.15.1
17-Mar-2025 16:23:04.378 INFO [main] org.apache.catalina.startup.VersionLoggerListener.log JVM Version:           11.0.15.1+2-LTS-10
17-Mar-2025 16:23:04.379 INFO [main] org.apache.catalina.startup.VersionLoggerListener.log JVM Vendor:            Oracle Corporation
17-Mar-2025 16:23:04.380 INFO [main] org.apache.catalina.startup.VersionLoggerListener.log CATALINA_BASE:         D:\Softwares\Server\apache-tomcat-9.0.55
17-Mar-2025 16:23:04.380 INFO [main] org.apache.catalina.startup.VersionLoggerListener.log CATALINA_HOME:         D:\Softwares\Server\apache-tomcat-9.0.55
17-Mar-2025 16:23:04.406 INFO [main] org.apache.catalina.startup.VersionLoggerListener.log Command line argument: --add-opens=java.base/java.lang=ALL-UNNAMED
17-Mar-2025 16:23:04.406 INFO [main] org.apache.catalina.startup.VersionLoggerListener.log Command line argument: --add-opens=java.base/java.io=ALL-UNNAMED
17-Mar-2025 16:23:04.407 INFO [main] org.apache.catalina.startup.VersionLoggerListener.log Command line argument: --add-opens=java.base/java.util=ALL-UNNAMED
17-Mar-2025 16:23:04.408 INFO [main] org.apache.catalina.startup.VersionLoggerListener.log Command line argument: --add-opens=java.base/java.util.concurrent=ALL-UNNAMED
17-Mar-2025 16:23:04.412 INFO [main] org.apache.catalina.startup.VersionLoggerListener.log Command line argument: --add-opens=java.rmi/sun.rmi.transport=ALL-UNNAMED
17-Mar-2025 16:23:04.412 INFO [main] org.apache.catalina.startup.VersionLoggerListener.log Command line argument: -Djava.util.logging.config.file=D:\Softwares\Server\apache-tomcat-9.0.55\conf\logging.properties
17-Mar-2025 16:23:04.412 INFO [main] org.apache.catalina.startup.VersionLoggerListener.log Command line argument: -Djava.util.logging.manager=org.apache.juli.ClassLoaderLogManager
17-Mar-2025 16:23:04.413 INFO [main] org.apache.catalina.startup.VersionLoggerListener.log Command line argument: -Djdk.tls.ephemeralDHKeySize=2048
17-Mar-2025 16:23:04.413 INFO [main] org.apache.catalina.startup.VersionLoggerListener.log Command line argument: -Djava.protocol.handler.pkgs=org.apache.catalina.webresources
17-Mar-2025 16:23:04.413 INFO [main] org.apache.catalina.startup.VersionLoggerListener.log Command line argument: -Dignore.endorsed.dirs=
17-Mar-2025 16:23:04.413 INFO [main] org.apache.catalina.startup.VersionLoggerListener.log Command line argument: -Dcatalina.base=D:\Softwares\Server\apache-tomcat-9.0.55
17-Mar-2025 16:23:04.414 INFO [main] org.apache.catalina.startup.VersionLoggerListener.log Command line argument: -Dcatalina.home=D:\Softwares\Server\apache-tomcat-9.0.55
17-Mar-2025 16:23:04.414 INFO [main] org.apache.catalina.startup.VersionLoggerListener.log Command line argument: -Djava.io.tmpdir=D:\Softwares\Server\apache-tomcat-9.0.55\temp
17-Mar-2025 16:23:04.421 INFO [main] org.apache.catalina.core.AprLifecycleListener.lifecycleEvent The Apache Tomcat Native library which allows using OpenSSL was not found on the java.library.path: [C:\Program Files\Java\jdk-11.0.15.1\bin;C:\Windows\Sun\Java\bin;C:\Windows\system32;C:\Windows;C:\Windows\system32;C:\Windows;C:\Windows\System32\Wbem;C:\Windows\System32\WindowsPowerShell\v1.0\;C:\Windows\System32\OpenSSH\;C:\Program Files\Git\cmd;C:\Program Files\Meld\;C:\Program Files\nodejs\;C:\Program Files\Docker\Docker\resources\bin;C:\Users\Lenovo\AppData\Local\Programs\Python\Python310\Scripts\;C:\Users\Lenovo\AppData\Local\Programs\Python\Python310\;C:\Windows\system32;C:\Windows;C:\Windows\System32\Wbem;C:\Windows\System32\WindowsPowerShell\v1.0\;C:\Windows\System32\OpenSSH\;C:\Program Files\Git\cmd;C:\Program Files\Meld\;C:\Program Files\nodejs\;C:\Program Files\Docker\Docker\resources\bin;;C:\Program Files\Java\jdk-11.0.15.1\bin;C:\Users\Lenovo\AppData\Roaming\npm;C:\Users\Lenovo\AppData\Local\Programs\Microsoft VS Code\bin;C:\Program Files\JetBrains\PyCharm Community Edition 2024.1.4\bin;;;.]
17-Mar-2025 16:23:04.807 INFO [main] org.apache.coyote.AbstractProtocol.init Initializing ProtocolHandler ["http-nio-8080"]
17-Mar-2025 16:23:04.848 INFO [main] org.apache.catalina.startup.Catalina.load Server initialization in [765] milliseconds
17-Mar-2025 16:23:04.942 INFO [main] org.apache.catalina.core.StandardService.startInternal Starting service [Catalina]
17-Mar-2025 16:23:04.942 INFO [main] org.apache.catalina.core.StandardEngine.startInternal Starting Servlet engine: [Apache Tomcat/9.0.55]
17-Mar-2025 16:23:05.018 INFO [main] org.apache.catalina.startup.HostConfig.deployWAR Deploying web application archive [D:\Softwares\Server\apache-tomcat-9.0.55\webapps\ORSProject-04.war]
17-Mar-2025 16:23:06.391 INFO [main] org.apache.jasper.servlet.TldScanner.scanJars At least one JAR was scanned for TLDs yet contained no TLDs. Enable debug logging for this logger for a complete list of JARs that were scanned but no TLDs were found in them. Skipping unneeded JARs during scanning can improve startup time and JSP compilation time.
17-Mar-2025 16:23:06.606 WARNING [main] org.apache.catalina.util.SessionIdGeneratorBase.createSecureRandom Creation of SecureRandom instance for session ID generation using [SHA1PRNG] took [184] milliseconds.
17-Mar-2025 16:23:06.637 INFO [main] org.apache.catalina.startup.HostConfig.deployWAR Deployment of web application archive [D:\Softwares\Server\apache-tomcat-9.0.55\webapps\ORSProject-04.war] has finished in [1,618] ms
17-Mar-2025 16:23:06.637 INFO [main] org.apache.catalina.startup.HostConfig.deployDirectory Deploying web application directory [D:\Softwares\Server\apache-tomcat-9.0.55\webapps\angular-aws]
17-Mar-2025 16:23:06.669 INFO [main] org.apache.catalina.startup.HostConfig.deployDirectory Deployment of web application directory [D:\Softwares\Server\apache-tomcat-9.0.55\webapps\angular-aws] has finished in [32] ms
17-Mar-2025 16:23:06.670 INFO [main] org.apache.catalina.startup.HostConfig.deployDirectory Deploying web application directory [D:\Softwares\Server\apache-tomcat-9.0.55\webapps\angular-django]
17-Mar-2025 16:23:06.701 INFO [main] org.apache.catalina.startup.HostConfig.deployDirectory Deployment of web application directory [D:\Softwares\Server\apache-tomcat-9.0.55\webapps\angular-django] has finished in [31] ms
17-Mar-2025 16:23:06.702 INFO [main] org.apache.catalina.startup.HostConfig.deployDirectory Deploying web application directory [D:\Softwares\Server\apache-tomcat-9.0.55\webapps\docs]
17-Mar-2025 16:23:06.735 INFO [main] org.apache.catalina.startup.HostConfig.deployDirectory Deployment of web application directory [D:\Softwares\Server\apache-tomcat-9.0.55\webapps\docs] has finished in [33] ms
17-Mar-2025 16:23:06.735 INFO [main] org.apache.catalina.startup.HostConfig.deployDirectory Deploying web application directory [D:\Softwares\Server\apache-tomcat-9.0.55\webapps\examples]
17-Mar-2025 16:23:07.608 INFO [main] org.apache.catalina.startup.HostConfig.deployDirectory Deployment of web application directory [D:\Softwares\Server\apache-tomcat-9.0.55\webapps\examples] has finished in [873] ms
17-Mar-2025 16:23:07.610 INFO [main] org.apache.catalina.startup.HostConfig.deployDirectory Deploying web application directory [D:\Softwares\Server\apache-tomcat-9.0.55\webapps\host-manager]
17-Mar-2025 16:23:07.661 INFO [main] org.apache.catalina.startup.HostConfig.deployDirectory Deployment of web application directory [D:\Softwares\Server\apache-tomcat-9.0.55\webapps\host-manager] has finished in [51] ms
17-Mar-2025 16:23:07.662 INFO [main] org.apache.catalina.startup.HostConfig.deployDirectory Deploying web application directory [D:\Softwares\Server\apache-tomcat-9.0.55\webapps\manager]
17-Mar-2025 16:23:07.699 INFO [main] org.apache.catalina.startup.HostConfig.deployDirectory Deployment of web application directory [D:\Softwares\Server\apache-tomcat-9.0.55\webapps\manager] has finished in [37] ms
17-Mar-2025 16:23:07.700 INFO [main] org.apache.catalina.startup.HostConfig.deployDirectory Deploying web application directory [D:\Softwares\Server\apache-tomcat-9.0.55\webapps\ROOT]
17-Mar-2025 16:23:07.734 INFO [main] org.apache.catalina.startup.HostConfig.deployDirectory Deployment of web application directory [D:\Softwares\Server\apache-tomcat-9.0.55\webapps\ROOT] has finished in [33] ms
17-Mar-2025 16:23:07.739 INFO [main] org.apache.coyote.AbstractProtocol.start Starting ProtocolHandler ["http-nio-8080"]
17-Mar-2025 16:23:07.929 INFO [main] org.apache.catalina.startup.Catalina.start Server startup in [3082] milliseconds
17-Mar-2025 16:23:28.783 INFO [Thread-2] org.apache.coyote.AbstractProtocol.pause Pausing ProtocolHandler ["http-nio-8080"]
17-Mar-2025 16:23:28.943 INFO [Thread-2] org.apache.catalina.core.StandardService.stopInternal Stopping service [Catalina]
17-Mar-2025 16:23:29.036 INFO [Thread-2] org.apache.coyote.AbstractProtocol.stop Stopping ProtocolHandler ["http-nio-8080"]
17-Mar-2025 16:23:29.056 INFO [Thread-2] org.apache.coyote.AbstractProtocol.destroy Destroying ProtocolHandler ["http-nio-8080"]
