05-Apr-2025 21:58:45.972 INFO [main] org.apache.catalina.startup.VersionLoggerListener.log Server version name:   Apache Tomcat/9.0.55
05-Apr-2025 21:58:45.979 INFO [main] org.apache.catalina.startup.VersionLoggerListener.log Server built:          Nov 10 2021 08:26:45 UTC
05-Apr-2025 21:58:45.979 INFO [main] org.apache.catalina.startup.VersionLoggerListener.log Server version number: 9.0.55.0
05-Apr-2025 21:58:45.981 INFO [main] org.apache.catalina.startup.VersionLoggerListener.log OS Name:               Windows 11
05-Apr-2025 21:58:45.983 INFO [main] org.apache.catalina.startup.VersionLoggerListener.log OS Version:            10.0
05-Apr-2025 21:58:45.983 INFO [main] org.apache.catalina.startup.VersionLoggerListener.log Architecture:          amd64
05-Apr-2025 21:58:45.983 INFO [main] org.apache.catalina.startup.VersionLoggerListener.log Java Home:             C:\Program Files\Java\jdk-11.0.15.1
05-Apr-2025 21:58:45.984 INFO [main] org.apache.catalina.startup.VersionLoggerListener.log JVM Version:           11.0.15.1+2-LTS-10
05-Apr-2025 21:58:45.984 INFO [main] org.apache.catalina.startup.VersionLoggerListener.log JVM Vendor:            Oracle Corporation
05-Apr-2025 21:58:45.984 INFO [main] org.apache.catalina.startup.VersionLoggerListener.log CATALINA_BASE:         D:\softwares\servers\apache-tomcat-9.0.55
05-Apr-2025 21:58:45.985 INFO [main] org.apache.catalina.startup.VersionLoggerListener.log CATALINA_HOME:         D:\softwares\servers\apache-tomcat-9.0.55
05-Apr-2025 21:58:46.008 INFO [main] org.apache.catalina.startup.VersionLoggerListener.log Command line argument: --add-opens=java.base/java.lang=ALL-UNNAMED
05-Apr-2025 21:58:46.010 INFO [main] org.apache.catalina.startup.VersionLoggerListener.log Command line argument: --add-opens=java.base/java.io=ALL-UNNAMED
05-Apr-2025 21:58:46.012 INFO [main] org.apache.catalina.startup.VersionLoggerListener.log Command line argument: --add-opens=java.base/java.util=ALL-UNNAMED
05-Apr-2025 21:58:46.014 INFO [main] org.apache.catalina.startup.VersionLoggerListener.log Command line argument: --add-opens=java.base/java.util.concurrent=ALL-UNNAMED
05-Apr-2025 21:58:46.016 INFO [main] org.apache.catalina.startup.VersionLoggerListener.log Command line argument: --add-opens=java.rmi/sun.rmi.transport=ALL-UNNAMED
05-Apr-2025 21:58:46.017 INFO [main] org.apache.catalina.startup.VersionLoggerListener.log Command line argument: -Djava.util.logging.config.file=D:\softwares\servers\apache-tomcat-9.0.55\conf\logging.properties
05-Apr-2025 21:58:46.017 INFO [main] org.apache.catalina.startup.VersionLoggerListener.log Command line argument: -Djava.util.logging.manager=org.apache.juli.ClassLoaderLogManager
05-Apr-2025 21:58:46.018 INFO [main] org.apache.catalina.startup.VersionLoggerListener.log Command line argument: -Djdk.tls.ephemeralDHKeySize=2048
05-Apr-2025 21:58:46.019 INFO [main] org.apache.catalina.startup.VersionLoggerListener.log Command line argument: -Djava.protocol.handler.pkgs=org.apache.catalina.webresources
05-Apr-2025 21:58:46.019 INFO [main] org.apache.catalina.startup.VersionLoggerListener.log Command line argument: -Dignore.endorsed.dirs=
05-Apr-2025 21:58:46.021 INFO [main] org.apache.catalina.startup.VersionLoggerListener.log Command line argument: -Dcatalina.base=D:\softwares\servers\apache-tomcat-9.0.55
05-Apr-2025 21:58:46.021 INFO [main] org.apache.catalina.startup.VersionLoggerListener.log Command line argument: -Dcatalina.home=D:\softwares\servers\apache-tomcat-9.0.55
05-Apr-2025 21:58:46.021 INFO [main] org.apache.catalina.startup.VersionLoggerListener.log Command line argument: -Djava.io.tmpdir=D:\softwares\servers\apache-tomcat-9.0.55\temp
05-Apr-2025 21:58:46.033 INFO [main] org.apache.catalina.core.AprLifecycleListener.lifecycleEvent The Apache Tomcat Native library which allows using OpenSSL was not found on the java.library.path: [C:\Program Files\Java\jdk-11.0.15.1\bin;C:\Windows\Sun\Java\bin;C:\Windows\system32;C:\Windows;C:\Windows\system32;C:\Windows;C:\Windows\System32\Wbem;C:\Windows\System32\WindowsPowerShell\v1.0\;C:\Windows\System32\OpenSSH\;C:\Program Files\Git\cmd;;C:\Program Files\Docker\Docker\resources\bin;C:\Windows\system32;C:\Windows;C:\Windows\System32\Wbem;C:\Windows\System32\WindowsPowerShell\v1.0\;C:\Windows\System32\OpenSSH\;C:\Program Files\Git\cmd;;C:\Program Files\Docker\Docker\resources\bin;C:\Program Files\Java\jdk-11.0.15.1\bin;C:\Users\pushpraj\AppData\Local\Programs\Microsoft VS Code\bin;.]
05-Apr-2025 21:58:46.587 INFO [main] org.apache.coyote.AbstractProtocol.init Initializing ProtocolHandler ["http-nio-8080"]
05-Apr-2025 21:58:46.629 INFO [main] org.apache.catalina.startup.Catalina.load Server initialization in [1089] milliseconds
05-Apr-2025 21:58:46.728 INFO [main] org.apache.catalina.core.StandardService.startInternal Starting service [Catalina]
05-Apr-2025 21:58:46.728 INFO [main] org.apache.catalina.core.StandardEngine.startInternal Starting Servlet engine: [Apache Tomcat/9.0.55]
05-Apr-2025 21:58:46.746 INFO [main] org.apache.catalina.startup.HostConfig.deployDirectory Deploying web application directory [D:\softwares\servers\apache-tomcat-9.0.55\webapps\docs]
05-Apr-2025 21:58:47.450 WARNING [main] org.apache.catalina.util.SessionIdGeneratorBase.createSecureRandom Creation of SecureRandom instance for session ID generation using [SHA1PRNG] took [392] milliseconds.
05-Apr-2025 21:58:47.481 INFO [main] org.apache.catalina.startup.HostConfig.deployDirectory Deployment of web application directory [D:\softwares\servers\apache-tomcat-9.0.55\webapps\docs] has finished in [735] ms
05-Apr-2025 21:58:47.481 INFO [main] org.apache.catalina.startup.HostConfig.deployDirectory Deploying web application directory [D:\softwares\servers\apache-tomcat-9.0.55\webapps\examples]
05-Apr-2025 21:58:48.121 INFO [main] org.apache.catalina.startup.HostConfig.deployDirectory Deployment of web application directory [D:\softwares\servers\apache-tomcat-9.0.55\webapps\examples] has finished in [640] ms
05-Apr-2025 21:58:48.121 INFO [main] org.apache.catalina.startup.HostConfig.deployDirectory Deploying web application directory [D:\softwares\servers\apache-tomcat-9.0.55\webapps\host-manager]
05-Apr-2025 21:58:48.175 INFO [main] org.apache.catalina.startup.HostConfig.deployDirectory Deployment of web application directory [D:\softwares\servers\apache-tomcat-9.0.55\webapps\host-manager] has finished in [54] ms
05-Apr-2025 21:58:48.175 INFO [main] org.apache.catalina.startup.HostConfig.deployDirectory Deploying web application directory [D:\softwares\servers\apache-tomcat-9.0.55\webapps\manager]
05-Apr-2025 21:58:48.211 INFO [main] org.apache.catalina.startup.HostConfig.deployDirectory Deployment of web application directory [D:\softwares\servers\apache-tomcat-9.0.55\webapps\manager] has finished in [36] ms
05-Apr-2025 21:58:48.211 INFO [main] org.apache.catalina.startup.HostConfig.deployDirectory Deploying web application directory [D:\softwares\servers\apache-tomcat-9.0.55\webapps\ROOT]
05-Apr-2025 21:58:48.245 INFO [main] org.apache.catalina.startup.HostConfig.deployDirectory Deployment of web application directory [D:\softwares\servers\apache-tomcat-9.0.55\webapps\ROOT] has finished in [34] ms
05-Apr-2025 21:58:48.251 INFO [main] org.apache.coyote.AbstractProtocol.start Starting ProtocolHandler ["http-nio-8080"]
05-Apr-2025 21:58:48.552 INFO [main] org.apache.catalina.startup.Catalina.start Server startup in [1923] milliseconds
05-Apr-2025 21:59:20.196 INFO [Thread-2] org.apache.coyote.AbstractProtocol.pause Pausing ProtocolHandler ["http-nio-8080"]
05-Apr-2025 21:59:20.515 INFO [Thread-2] org.apache.catalina.core.StandardService.stopInternal Stopping service [Catalina]
05-Apr-2025 21:59:20.591 INFO [Thread-2] org.apache.coyote.AbstractProtocol.stop Stopping ProtocolHandler ["http-nio-8080"]
05-Apr-2025 21:59:20.628 INFO [Thread-2] org.apache.coyote.AbstractProtocol.destroy Destroying ProtocolHandler ["http-nio-8080"]
