21-Mar-2025 15:20:05.533 INFO [main] org.apache.catalina.startup.VersionLoggerListener.log Server version name:   Apache Tomcat/9.0.55
21-Mar-2025 15:20:05.536 INFO [main] org.apache.catalina.startup.VersionLoggerListener.log Server built:          Nov 10 2021 08:26:45 UTC
21-Mar-2025 15:20:05.537 INFO [main] org.apache.catalina.startup.VersionLoggerListener.log Server version number: 9.0.55.0
21-Mar-2025 15:20:05.537 INFO [main] org.apache.catalina.startup.VersionLoggerListener.log OS Name:               Windows 11
21-Mar-2025 15:20:05.537 INFO [main] org.apache.catalina.startup.VersionLoggerListener.log OS Version:            10.0
21-Mar-2025 15:20:05.538 INFO [main] org.apache.catalina.startup.VersionLoggerListener.log Architecture:          amd64
21-Mar-2025 15:20:05.538 INFO [main] org.apache.catalina.startup.VersionLoggerListener.log Java Home:             C:\Program Files\Java\jdk-11.0.15.1
21-Mar-2025 15:20:05.538 INFO [main] org.apache.catalina.startup.VersionLoggerListener.log JVM Version:           11.0.15.1+2-LTS-10
21-Mar-2025 15:20:05.538 INFO [main] org.apache.catalina.startup.VersionLoggerListener.log JVM Vendor:            Oracle Corporation
21-Mar-2025 15:20:05.539 INFO [main] org.apache.catalina.startup.VersionLoggerListener.log CATALINA_BASE:         D:\Softwares\Server\apache-tomcat-9.0.55
21-Mar-2025 15:20:05.539 INFO [main] org.apache.catalina.startup.VersionLoggerListener.log CATALINA_HOME:         D:\Softwares\Server\apache-tomcat-9.0.55
21-Mar-2025 15:20:05.574 INFO [main] org.apache.catalina.startup.VersionLoggerListener.log Command line argument: --add-opens=java.base/java.lang=ALL-UNNAMED
21-Mar-2025 15:20:05.574 INFO [main] org.apache.catalina.startup.VersionLoggerListener.log Command line argument: --add-opens=java.base/java.io=ALL-UNNAMED
21-Mar-2025 15:20:05.574 INFO [main] org.apache.catalina.startup.VersionLoggerListener.log Command line argument: --add-opens=java.base/java.util=ALL-UNNAMED
21-Mar-2025 15:20:05.575 INFO [main] org.apache.catalina.startup.VersionLoggerListener.log Command line argument: --add-opens=java.base/java.util.concurrent=ALL-UNNAMED
21-Mar-2025 15:20:05.576 INFO [main] org.apache.catalina.startup.VersionLoggerListener.log Command line argument: --add-opens=java.rmi/sun.rmi.transport=ALL-UNNAMED
21-Mar-2025 15:20:05.578 INFO [main] org.apache.catalina.startup.VersionLoggerListener.log Command line argument: -Djava.util.logging.config.file=D:\Softwares\Server\apache-tomcat-9.0.55\conf\logging.properties
21-Mar-2025 15:20:05.578 INFO [main] org.apache.catalina.startup.VersionLoggerListener.log Command line argument: -Djava.util.logging.manager=org.apache.juli.ClassLoaderLogManager
21-Mar-2025 15:20:05.578 INFO [main] org.apache.catalina.startup.VersionLoggerListener.log Command line argument: -Djdk.tls.ephemeralDHKeySize=2048
21-Mar-2025 15:20:05.579 INFO [main] org.apache.catalina.startup.VersionLoggerListener.log Command line argument: -Djava.protocol.handler.pkgs=org.apache.catalina.webresources
21-Mar-2025 15:20:05.579 INFO [main] org.apache.catalina.startup.VersionLoggerListener.log Command line argument: -Dignore.endorsed.dirs=
21-Mar-2025 15:20:05.579 INFO [main] org.apache.catalina.startup.VersionLoggerListener.log Command line argument: -Dcatalina.base=D:\Softwares\Server\apache-tomcat-9.0.55
21-Mar-2025 15:20:05.579 INFO [main] org.apache.catalina.startup.VersionLoggerListener.log Command line argument: -Dcatalina.home=D:\Softwares\Server\apache-tomcat-9.0.55
21-Mar-2025 15:20:05.580 INFO [main] org.apache.catalina.startup.VersionLoggerListener.log Command line argument: -Djava.io.tmpdir=D:\Softwares\Server\apache-tomcat-9.0.55\temp
21-Mar-2025 15:20:05.589 INFO [main] org.apache.catalina.core.AprLifecycleListener.lifecycleEvent The Apache Tomcat Native library which allows using OpenSSL was not found on the java.library.path: [C:\Program Files\Java\jdk-11.0.15.1\bin;C:\Windows\Sun\Java\bin;C:\Windows\system32;C:\Windows;C:\Windows\system32;C:\Windows;C:\Windows\System32\Wbem;C:\Windows\System32\WindowsPowerShell\v1.0\;C:\Windows\System32\OpenSSH\;C:\Program Files\Git\cmd;C:\Program Files\Meld\;C:\Program Files\nodejs\;C:\Program Files\Docker\Docker\resources\bin;C:\Users\Lenovo\AppData\Local\Programs\Python\Python310\Scripts\;C:\Users\Lenovo\AppData\Local\Programs\Python\Python310\;C:\Windows\system32;C:\Windows;C:\Windows\System32\Wbem;C:\Windows\System32\WindowsPowerShell\v1.0\;C:\Windows\System32\OpenSSH\;C:\Program Files\Git\cmd;C:\Program Files\Meld\;C:\Program Files\nodejs\;C:\Program Files\Docker\Docker\resources\bin;;C:\Program Files\Java\jdk-11.0.15.1\bin;C:\Users\Lenovo\AppData\Roaming\npm;C:\Users\Lenovo\AppData\Local\Programs\Microsoft VS Code\bin;C:\Program Files\JetBrains\PyCharm Community Edition 2024.1.4\bin;;;.]
21-Mar-2025 15:20:05.974 INFO [main] org.apache.coyote.AbstractProtocol.init Initializing ProtocolHandler ["http-nio-8080"]
21-Mar-2025 15:20:06.016 INFO [main] org.apache.catalina.startup.Catalina.load Server initialization in [805] milliseconds
21-Mar-2025 15:20:06.100 INFO [main] org.apache.catalina.core.StandardService.startInternal Starting service [Catalina]
21-Mar-2025 15:20:06.100 INFO [main] org.apache.catalina.core.StandardEngine.startInternal Starting Servlet engine: [Apache Tomcat/9.0.55]
21-Mar-2025 15:20:06.160 INFO [main] org.apache.catalina.startup.HostConfig.deployWAR Deploying web application archive [D:\Softwares\Server\apache-tomcat-9.0.55\webapps\ORSProject-04.war]
21-Mar-2025 15:20:07.133 INFO [main] org.apache.jasper.servlet.TldScanner.scanJars At least one JAR was scanned for TLDs yet contained no TLDs. Enable debug logging for this logger for a complete list of JARs that were scanned but no TLDs were found in them. Skipping unneeded JARs during scanning can improve startup time and JSP compilation time.
21-Mar-2025 15:20:07.311 WARNING [main] org.apache.catalina.util.SessionIdGeneratorBase.createSecureRandom Creation of SecureRandom instance for session ID generation using [SHA1PRNG] took [132] milliseconds.
21-Mar-2025 15:20:07.377 INFO [main] org.apache.catalina.startup.HostConfig.deployWAR Deployment of web application archive [D:\Softwares\Server\apache-tomcat-9.0.55\webapps\ORSProject-04.war] has finished in [1,217] ms
21-Mar-2025 15:20:07.378 INFO [main] org.apache.catalina.startup.HostConfig.deployDirectory Deploying web application directory [D:\Softwares\Server\apache-tomcat-9.0.55\webapps\angular-aws]
21-Mar-2025 15:20:07.416 INFO [main] org.apache.catalina.startup.HostConfig.deployDirectory Deployment of web application directory [D:\Softwares\Server\apache-tomcat-9.0.55\webapps\angular-aws] has finished in [38] ms
21-Mar-2025 15:20:07.417 INFO [main] org.apache.catalina.startup.HostConfig.deployDirectory Deploying web application directory [D:\Softwares\Server\apache-tomcat-9.0.55\webapps\angular-django]
21-Mar-2025 15:20:07.462 INFO [main] org.apache.catalina.startup.HostConfig.deployDirectory Deployment of web application directory [D:\Softwares\Server\apache-tomcat-9.0.55\webapps\angular-django] has finished in [45] ms
21-Mar-2025 15:20:07.464 INFO [main] org.apache.catalina.startup.HostConfig.deployDirectory Deploying web application directory [D:\Softwares\Server\apache-tomcat-9.0.55\webapps\docs]
21-Mar-2025 15:20:07.504 INFO [main] org.apache.catalina.startup.HostConfig.deployDirectory Deployment of web application directory [D:\Softwares\Server\apache-tomcat-9.0.55\webapps\docs] has finished in [40] ms
21-Mar-2025 15:20:07.509 INFO [main] org.apache.catalina.startup.HostConfig.deployDirectory Deploying web application directory [D:\Softwares\Server\apache-tomcat-9.0.55\webapps\examples]
21-Mar-2025 15:20:08.558 INFO [main] org.apache.catalina.startup.HostConfig.deployDirectory Deployment of web application directory [D:\Softwares\Server\apache-tomcat-9.0.55\webapps\examples] has finished in [1,050] ms
21-Mar-2025 15:20:08.558 INFO [main] org.apache.catalina.startup.HostConfig.deployDirectory Deploying web application directory [D:\Softwares\Server\apache-tomcat-9.0.55\webapps\host-manager]
21-Mar-2025 15:20:08.613 INFO [main] org.apache.catalina.startup.HostConfig.deployDirectory Deployment of web application directory [D:\Softwares\Server\apache-tomcat-9.0.55\webapps\host-manager] has finished in [55] ms
21-Mar-2025 15:20:08.614 INFO [main] org.apache.catalina.startup.HostConfig.deployDirectory Deploying web application directory [D:\Softwares\Server\apache-tomcat-9.0.55\webapps\manager]
21-Mar-2025 15:20:08.662 INFO [main] org.apache.catalina.startup.HostConfig.deployDirectory Deployment of web application directory [D:\Softwares\Server\apache-tomcat-9.0.55\webapps\manager] has finished in [48] ms
21-Mar-2025 15:20:08.662 INFO [main] org.apache.catalina.startup.HostConfig.deployDirectory Deploying web application directory [D:\Softwares\Server\apache-tomcat-9.0.55\webapps\ROOT]
21-Mar-2025 15:20:08.707 INFO [main] org.apache.catalina.startup.HostConfig.deployDirectory Deployment of web application directory [D:\Softwares\Server\apache-tomcat-9.0.55\webapps\ROOT] has finished in [44] ms
21-Mar-2025 15:20:08.715 INFO [main] org.apache.coyote.AbstractProtocol.start Starting ProtocolHandler ["http-nio-8080"]
21-Mar-2025 15:20:08.842 INFO [main] org.apache.catalina.startup.Catalina.start Server startup in [2825] milliseconds
21-Mar-2025 15:32:01.927 INFO [Thread-2] org.apache.coyote.AbstractProtocol.pause Pausing ProtocolHandler ["http-nio-8080"]
21-Mar-2025 15:32:02.125 INFO [Thread-2] org.apache.catalina.core.StandardService.stopInternal Stopping service [Catalina]
21-Mar-2025 15:32:02.284 INFO [Thread-2] org.apache.coyote.AbstractProtocol.stop Stopping ProtocolHandler ["http-nio-8080"]
21-Mar-2025 15:32:02.333 INFO [Thread-2] org.apache.coyote.AbstractProtocol.destroy Destroying ProtocolHandler ["http-nio-8080"]
21-Mar-2025 15:32:23.502 INFO [main] org.apache.catalina.startup.VersionLoggerListener.log Server version name:   Apache Tomcat/9.0.55
21-Mar-2025 15:32:23.508 INFO [main] org.apache.catalina.startup.VersionLoggerListener.log Server built:          Nov 10 2021 08:26:45 UTC
21-Mar-2025 15:32:23.509 INFO [main] org.apache.catalina.startup.VersionLoggerListener.log Server version number: 9.0.55.0
21-Mar-2025 15:32:23.509 INFO [main] org.apache.catalina.startup.VersionLoggerListener.log OS Name:               Windows 11
21-Mar-2025 15:32:23.510 INFO [main] org.apache.catalina.startup.VersionLoggerListener.log OS Version:            10.0
21-Mar-2025 15:32:23.511 INFO [main] org.apache.catalina.startup.VersionLoggerListener.log Architecture:          amd64
21-Mar-2025 15:32:23.511 INFO [main] org.apache.catalina.startup.VersionLoggerListener.log Java Home:             C:\Program Files\Java\jdk-11.0.15.1
21-Mar-2025 15:32:23.511 INFO [main] org.apache.catalina.startup.VersionLoggerListener.log JVM Version:           11.0.15.1+2-LTS-10
21-Mar-2025 15:32:23.511 INFO [main] org.apache.catalina.startup.VersionLoggerListener.log JVM Vendor:            Oracle Corporation
21-Mar-2025 15:32:23.511 INFO [main] org.apache.catalina.startup.VersionLoggerListener.log CATALINA_BASE:         D:\Softwares\Server\apache-tomcat-9.0.55
21-Mar-2025 15:32:23.512 INFO [main] org.apache.catalina.startup.VersionLoggerListener.log CATALINA_HOME:         D:\Softwares\Server\apache-tomcat-9.0.55
21-Mar-2025 15:32:23.539 INFO [main] org.apache.catalina.startup.VersionLoggerListener.log Command line argument: --add-opens=java.base/java.lang=ALL-UNNAMED
21-Mar-2025 15:32:23.540 INFO [main] org.apache.catalina.startup.VersionLoggerListener.log Command line argument: --add-opens=java.base/java.io=ALL-UNNAMED
21-Mar-2025 15:32:23.540 INFO [main] org.apache.catalina.startup.VersionLoggerListener.log Command line argument: --add-opens=java.base/java.util=ALL-UNNAMED
21-Mar-2025 15:32:23.540 INFO [main] org.apache.catalina.startup.VersionLoggerListener.log Command line argument: --add-opens=java.base/java.util.concurrent=ALL-UNNAMED
21-Mar-2025 15:32:23.541 INFO [main] org.apache.catalina.startup.VersionLoggerListener.log Command line argument: --add-opens=java.rmi/sun.rmi.transport=ALL-UNNAMED
21-Mar-2025 15:32:23.541 INFO [main] org.apache.catalina.startup.VersionLoggerListener.log Command line argument: -Djava.util.logging.config.file=D:\Softwares\Server\apache-tomcat-9.0.55\conf\logging.properties
21-Mar-2025 15:32:23.541 INFO [main] org.apache.catalina.startup.VersionLoggerListener.log Command line argument: -Djava.util.logging.manager=org.apache.juli.ClassLoaderLogManager
21-Mar-2025 15:32:23.541 INFO [main] org.apache.catalina.startup.VersionLoggerListener.log Command line argument: -Djdk.tls.ephemeralDHKeySize=2048
21-Mar-2025 15:32:23.542 INFO [main] org.apache.catalina.startup.VersionLoggerListener.log Command line argument: -Djava.protocol.handler.pkgs=org.apache.catalina.webresources
21-Mar-2025 15:32:23.542 INFO [main] org.apache.catalina.startup.VersionLoggerListener.log Command line argument: -Dignore.endorsed.dirs=
21-Mar-2025 15:32:23.542 INFO [main] org.apache.catalina.startup.VersionLoggerListener.log Command line argument: -Dcatalina.base=D:\Softwares\Server\apache-tomcat-9.0.55
21-Mar-2025 15:32:23.542 INFO [main] org.apache.catalina.startup.VersionLoggerListener.log Command line argument: -Dcatalina.home=D:\Softwares\Server\apache-tomcat-9.0.55
21-Mar-2025 15:32:23.543 INFO [main] org.apache.catalina.startup.VersionLoggerListener.log Command line argument: -Djava.io.tmpdir=D:\Softwares\Server\apache-tomcat-9.0.55\temp
21-Mar-2025 15:32:23.552 INFO [main] org.apache.catalina.core.AprLifecycleListener.lifecycleEvent The Apache Tomcat Native library which allows using OpenSSL was not found on the java.library.path: [C:\Program Files\Java\jdk-11.0.15.1\bin;C:\Windows\Sun\Java\bin;C:\Windows\system32;C:\Windows;C:\Windows\system32;C:\Windows;C:\Windows\System32\Wbem;C:\Windows\System32\WindowsPowerShell\v1.0\;C:\Windows\System32\OpenSSH\;C:\Program Files\Git\cmd;C:\Program Files\Meld\;C:\Program Files\nodejs\;C:\Program Files\Docker\Docker\resources\bin;C:\Users\Lenovo\AppData\Local\Programs\Python\Python310\Scripts\;C:\Users\Lenovo\AppData\Local\Programs\Python\Python310\;C:\Windows\system32;C:\Windows;C:\Windows\System32\Wbem;C:\Windows\System32\WindowsPowerShell\v1.0\;C:\Windows\System32\OpenSSH\;C:\Program Files\Git\cmd;C:\Program Files\Meld\;C:\Program Files\nodejs\;C:\Program Files\Docker\Docker\resources\bin;;C:\Program Files\Java\jdk-11.0.15.1\bin;C:\Users\Lenovo\AppData\Roaming\npm;C:\Users\Lenovo\AppData\Local\Programs\Microsoft VS Code\bin;C:\Program Files\JetBrains\PyCharm Community Edition 2024.1.4\bin;;;.]
21-Mar-2025 15:32:23.924 INFO [main] org.apache.coyote.AbstractProtocol.init Initializing ProtocolHandler ["http-nio-8080"]
21-Mar-2025 15:32:23.971 INFO [main] org.apache.catalina.startup.Catalina.load Server initialization in [773] milliseconds
21-Mar-2025 15:32:24.051 INFO [main] org.apache.catalina.core.StandardService.startInternal Starting service [Catalina]
21-Mar-2025 15:32:24.051 INFO [main] org.apache.catalina.core.StandardEngine.startInternal Starting Servlet engine: [Apache Tomcat/9.0.55]
21-Mar-2025 15:32:24.092 INFO [main] org.apache.catalina.startup.HostConfig.deployWAR Deploying web application archive [D:\Softwares\Server\apache-tomcat-9.0.55\webapps\ORSProject-04.war]
21-Mar-2025 15:32:24.863 INFO [main] org.apache.jasper.servlet.TldScanner.scanJars At least one JAR was scanned for TLDs yet contained no TLDs. Enable debug logging for this logger for a complete list of JARs that were scanned but no TLDs were found in them. Skipping unneeded JARs during scanning can improve startup time and JSP compilation time.
21-Mar-2025 15:32:25.026 WARNING [main] org.apache.catalina.util.SessionIdGeneratorBase.createSecureRandom Creation of SecureRandom instance for session ID generation using [SHA1PRNG] took [121] milliseconds.
21-Mar-2025 15:32:25.061 INFO [main] org.apache.catalina.startup.HostConfig.deployWAR Deployment of web application archive [D:\Softwares\Server\apache-tomcat-9.0.55\webapps\ORSProject-04.war] has finished in [969] ms
21-Mar-2025 15:32:25.062 INFO [main] org.apache.catalina.startup.HostConfig.deployDirectory Deploying web application directory [D:\Softwares\Server\apache-tomcat-9.0.55\webapps\angular-aws]
21-Mar-2025 15:32:25.095 INFO [main] org.apache.catalina.startup.HostConfig.deployDirectory Deployment of web application directory [D:\Softwares\Server\apache-tomcat-9.0.55\webapps\angular-aws] has finished in [33] ms
21-Mar-2025 15:32:25.097 INFO [main] org.apache.catalina.startup.HostConfig.deployDirectory Deploying web application directory [D:\Softwares\Server\apache-tomcat-9.0.55\webapps\angular-django]
21-Mar-2025 15:32:25.135 INFO [main] org.apache.catalina.startup.HostConfig.deployDirectory Deployment of web application directory [D:\Softwares\Server\apache-tomcat-9.0.55\webapps\angular-django] has finished in [38] ms
21-Mar-2025 15:32:25.135 INFO [main] org.apache.catalina.startup.HostConfig.deployDirectory Deploying web application directory [D:\Softwares\Server\apache-tomcat-9.0.55\webapps\docs]
21-Mar-2025 15:32:25.186 INFO [main] org.apache.catalina.startup.HostConfig.deployDirectory Deployment of web application directory [D:\Softwares\Server\apache-tomcat-9.0.55\webapps\docs] has finished in [51] ms
21-Mar-2025 15:32:25.187 INFO [main] org.apache.catalina.startup.HostConfig.deployDirectory Deploying web application directory [D:\Softwares\Server\apache-tomcat-9.0.55\webapps\examples]
21-Mar-2025 15:32:25.552 INFO [main] org.apache.catalina.startup.HostConfig.deployDirectory Deployment of web application directory [D:\Softwares\Server\apache-tomcat-9.0.55\webapps\examples] has finished in [365] ms
21-Mar-2025 15:32:25.552 INFO [main] org.apache.catalina.startup.HostConfig.deployDirectory Deploying web application directory [D:\Softwares\Server\apache-tomcat-9.0.55\webapps\host-manager]
21-Mar-2025 15:32:25.609 INFO [main] org.apache.catalina.startup.HostConfig.deployDirectory Deployment of web application directory [D:\Softwares\Server\apache-tomcat-9.0.55\webapps\host-manager] has finished in [56] ms
21-Mar-2025 15:32:25.609 INFO [main] org.apache.catalina.startup.HostConfig.deployDirectory Deploying web application directory [D:\Softwares\Server\apache-tomcat-9.0.55\webapps\manager]
21-Mar-2025 15:32:25.645 INFO [main] org.apache.catalina.startup.HostConfig.deployDirectory Deployment of web application directory [D:\Softwares\Server\apache-tomcat-9.0.55\webapps\manager] has finished in [36] ms
21-Mar-2025 15:32:25.646 INFO [main] org.apache.catalina.startup.HostConfig.deployDirectory Deploying web application directory [D:\Softwares\Server\apache-tomcat-9.0.55\webapps\ROOT]
21-Mar-2025 15:32:25.679 INFO [main] org.apache.catalina.startup.HostConfig.deployDirectory Deployment of web application directory [D:\Softwares\Server\apache-tomcat-9.0.55\webapps\ROOT] has finished in [33] ms
21-Mar-2025 15:32:25.691 INFO [main] org.apache.coyote.AbstractProtocol.start Starting ProtocolHandler ["http-nio-8080"]
21-Mar-2025 15:32:25.820 INFO [main] org.apache.catalina.startup.Catalina.start Server startup in [1847] milliseconds
21-Mar-2025 15:33:02.942 INFO [main] org.apache.catalina.core.StandardServer.await A valid shutdown command was received via the shutdown port. Stopping the Server instance.
21-Mar-2025 15:33:02.943 INFO [main] org.apache.coyote.AbstractProtocol.pause Pausing ProtocolHandler ["http-nio-8080"]
21-Mar-2025 15:33:03.145 INFO [main] org.apache.catalina.core.StandardService.stopInternal Stopping service [Catalina]
21-Mar-2025 15:33:03.229 INFO [main] org.apache.coyote.AbstractProtocol.stop Stopping ProtocolHandler ["http-nio-8080"]
21-Mar-2025 15:33:03.247 INFO [main] org.apache.coyote.AbstractProtocol.destroy Destroying ProtocolHandler ["http-nio-8080"]
21-Mar-2025 15:33:31.745 INFO [main] org.apache.catalina.startup.VersionLoggerListener.log Server version name:   Apache Tomcat/9.0.55
21-Mar-2025 15:33:31.752 INFO [main] org.apache.catalina.startup.VersionLoggerListener.log Server built:          Nov 10 2021 08:26:45 UTC
21-Mar-2025 15:33:31.752 INFO [main] org.apache.catalina.startup.VersionLoggerListener.log Server version number: 9.0.55.0
21-Mar-2025 15:33:31.752 INFO [main] org.apache.catalina.startup.VersionLoggerListener.log OS Name:               Windows 11
21-Mar-2025 15:33:31.753 INFO [main] org.apache.catalina.startup.VersionLoggerListener.log OS Version:            10.0
21-Mar-2025 15:33:31.753 INFO [main] org.apache.catalina.startup.VersionLoggerListener.log Architecture:          amd64
21-Mar-2025 15:33:31.754 INFO [main] org.apache.catalina.startup.VersionLoggerListener.log Java Home:             C:\Program Files\Java\jdk-11.0.15.1
21-Mar-2025 15:33:31.754 INFO [main] org.apache.catalina.startup.VersionLoggerListener.log JVM Version:           11.0.15.1+2-LTS-10
21-Mar-2025 15:33:31.755 INFO [main] org.apache.catalina.startup.VersionLoggerListener.log JVM Vendor:            Oracle Corporation
21-Mar-2025 15:33:31.756 INFO [main] org.apache.catalina.startup.VersionLoggerListener.log CATALINA_BASE:         D:\Softwares\Server\apache-tomcat-9.0.55
21-Mar-2025 15:33:31.757 INFO [main] org.apache.catalina.startup.VersionLoggerListener.log CATALINA_HOME:         D:\Softwares\Server\apache-tomcat-9.0.55
21-Mar-2025 15:33:31.771 INFO [main] org.apache.catalina.startup.VersionLoggerListener.log Command line argument: --add-opens=java.base/java.lang=ALL-UNNAMED
21-Mar-2025 15:33:31.771 INFO [main] org.apache.catalina.startup.VersionLoggerListener.log Command line argument: --add-opens=java.base/java.io=ALL-UNNAMED
21-Mar-2025 15:33:31.772 INFO [main] org.apache.catalina.startup.VersionLoggerListener.log Command line argument: --add-opens=java.base/java.util=ALL-UNNAMED
21-Mar-2025 15:33:31.772 INFO [main] org.apache.catalina.startup.VersionLoggerListener.log Command line argument: --add-opens=java.base/java.util.concurrent=ALL-UNNAMED
21-Mar-2025 15:33:31.773 INFO [main] org.apache.catalina.startup.VersionLoggerListener.log Command line argument: --add-opens=java.rmi/sun.rmi.transport=ALL-UNNAMED
21-Mar-2025 15:33:31.774 INFO [main] org.apache.catalina.startup.VersionLoggerListener.log Command line argument: -Djava.util.logging.config.file=D:\Softwares\Server\apache-tomcat-9.0.55\conf\logging.properties
21-Mar-2025 15:33:31.774 INFO [main] org.apache.catalina.startup.VersionLoggerListener.log Command line argument: -Djava.util.logging.manager=org.apache.juli.ClassLoaderLogManager
21-Mar-2025 15:33:31.775 INFO [main] org.apache.catalina.startup.VersionLoggerListener.log Command line argument: -Djdk.tls.ephemeralDHKeySize=2048
21-Mar-2025 15:33:31.776 INFO [main] org.apache.catalina.startup.VersionLoggerListener.log Command line argument: -Djava.protocol.handler.pkgs=org.apache.catalina.webresources
21-Mar-2025 15:33:31.776 INFO [main] org.apache.catalina.startup.VersionLoggerListener.log Command line argument: -Dignore.endorsed.dirs=
21-Mar-2025 15:33:31.777 INFO [main] org.apache.catalina.startup.VersionLoggerListener.log Command line argument: -Dcatalina.base=D:\Softwares\Server\apache-tomcat-9.0.55
21-Mar-2025 15:33:31.778 INFO [main] org.apache.catalina.startup.VersionLoggerListener.log Command line argument: -Dcatalina.home=D:\Softwares\Server\apache-tomcat-9.0.55
21-Mar-2025 15:33:31.778 INFO [main] org.apache.catalina.startup.VersionLoggerListener.log Command line argument: -Djava.io.tmpdir=D:\Softwares\Server\apache-tomcat-9.0.55\temp
21-Mar-2025 15:33:31.782 INFO [main] org.apache.catalina.core.AprLifecycleListener.lifecycleEvent The Apache Tomcat Native library which allows using OpenSSL was not found on the java.library.path: [C:\Program Files\Java\jdk-11.0.15.1\bin;C:\Windows\Sun\Java\bin;C:\Windows\system32;C:\Windows;C:\Windows\system32;C:\Windows;C:\Windows\System32\Wbem;C:\Windows\System32\WindowsPowerShell\v1.0\;C:\Windows\System32\OpenSSH\;C:\Program Files\Git\cmd;C:\Program Files\Meld\;C:\Program Files\nodejs\;C:\Program Files\Docker\Docker\resources\bin;C:\Users\Lenovo\AppData\Local\Programs\Python\Python310\Scripts\;C:\Users\Lenovo\AppData\Local\Programs\Python\Python310\;C:\Windows\system32;C:\Windows;C:\Windows\System32\Wbem;C:\Windows\System32\WindowsPowerShell\v1.0\;C:\Windows\System32\OpenSSH\;C:\Program Files\Git\cmd;C:\Program Files\Meld\;C:\Program Files\nodejs\;C:\Program Files\Docker\Docker\resources\bin;;C:\Program Files\Java\jdk-11.0.15.1\bin;C:\Users\Lenovo\AppData\Roaming\npm;C:\Users\Lenovo\AppData\Local\Programs\Microsoft VS Code\bin;C:\Program Files\JetBrains\PyCharm Community Edition 2024.1.4\bin;;;.]
21-Mar-2025 15:33:32.148 INFO [main] org.apache.coyote.AbstractProtocol.init Initializing ProtocolHandler ["http-nio-8080"]
21-Mar-2025 15:33:32.188 INFO [main] org.apache.catalina.startup.Catalina.load Server initialization in [734] milliseconds
21-Mar-2025 15:33:32.272 INFO [main] org.apache.catalina.core.StandardService.startInternal Starting service [Catalina]
21-Mar-2025 15:33:32.273 INFO [main] org.apache.catalina.core.StandardEngine.startInternal Starting Servlet engine: [Apache Tomcat/9.0.55]
21-Mar-2025 15:33:32.309 INFO [main] org.apache.catalina.startup.HostConfig.deployWAR Deploying web application archive [D:\Softwares\Server\apache-tomcat-9.0.55\webapps\ORSProject-04.war]
21-Mar-2025 15:33:33.432 INFO [main] org.apache.jasper.servlet.TldScanner.scanJars At least one JAR was scanned for TLDs yet contained no TLDs. Enable debug logging for this logger for a complete list of JARs that were scanned but no TLDs were found in them. Skipping unneeded JARs during scanning can improve startup time and JSP compilation time.
21-Mar-2025 15:33:33.591 WARNING [main] org.apache.catalina.util.SessionIdGeneratorBase.createSecureRandom Creation of SecureRandom instance for session ID generation using [SHA1PRNG] took [129] milliseconds.
21-Mar-2025 15:33:33.624 INFO [main] org.apache.catalina.startup.HostConfig.deployWAR Deployment of web application archive [D:\Softwares\Server\apache-tomcat-9.0.55\webapps\ORSProject-04.war] has finished in [1,315] ms
21-Mar-2025 15:33:33.625 INFO [main] org.apache.catalina.startup.HostConfig.deployDirectory Deploying web application directory [D:\Softwares\Server\apache-tomcat-9.0.55\webapps\angular-aws]
21-Mar-2025 15:33:33.670 INFO [main] org.apache.catalina.startup.HostConfig.deployDirectory Deployment of web application directory [D:\Softwares\Server\apache-tomcat-9.0.55\webapps\angular-aws] has finished in [45] ms
21-Mar-2025 15:33:33.671 INFO [main] org.apache.catalina.startup.HostConfig.deployDirectory Deploying web application directory [D:\Softwares\Server\apache-tomcat-9.0.55\webapps\angular-django]
21-Mar-2025 15:33:33.719 INFO [main] org.apache.catalina.startup.HostConfig.deployDirectory Deployment of web application directory [D:\Softwares\Server\apache-tomcat-9.0.55\webapps\angular-django] has finished in [46] ms
21-Mar-2025 15:33:33.722 INFO [main] org.apache.catalina.startup.HostConfig.deployDirectory Deploying web application directory [D:\Softwares\Server\apache-tomcat-9.0.55\webapps\docs]
21-Mar-2025 15:33:33.765 INFO [main] org.apache.catalina.startup.HostConfig.deployDirectory Deployment of web application directory [D:\Softwares\Server\apache-tomcat-9.0.55\webapps\docs] has finished in [42] ms
21-Mar-2025 15:33:33.767 INFO [main] org.apache.catalina.startup.HostConfig.deployDirectory Deploying web application directory [D:\Softwares\Server\apache-tomcat-9.0.55\webapps\examples]
21-Mar-2025 15:33:34.121 INFO [main] org.apache.catalina.startup.HostConfig.deployDirectory Deployment of web application directory [D:\Softwares\Server\apache-tomcat-9.0.55\webapps\examples] has finished in [355] ms
21-Mar-2025 15:33:34.122 INFO [main] org.apache.catalina.startup.HostConfig.deployDirectory Deploying web application directory [D:\Softwares\Server\apache-tomcat-9.0.55\webapps\host-manager]
21-Mar-2025 15:33:34.177 INFO [main] org.apache.catalina.startup.HostConfig.deployDirectory Deployment of web application directory [D:\Softwares\Server\apache-tomcat-9.0.55\webapps\host-manager] has finished in [54] ms
21-Mar-2025 15:33:34.177 INFO [main] org.apache.catalina.startup.HostConfig.deployDirectory Deploying web application directory [D:\Softwares\Server\apache-tomcat-9.0.55\webapps\manager]
21-Mar-2025 15:33:34.217 INFO [main] org.apache.catalina.startup.HostConfig.deployDirectory Deployment of web application directory [D:\Softwares\Server\apache-tomcat-9.0.55\webapps\manager] has finished in [39] ms
21-Mar-2025 15:33:34.219 INFO [main] org.apache.catalina.startup.HostConfig.deployDirectory Deploying web application directory [D:\Softwares\Server\apache-tomcat-9.0.55\webapps\ROOT]
21-Mar-2025 15:33:34.257 INFO [main] org.apache.catalina.startup.HostConfig.deployDirectory Deployment of web application directory [D:\Softwares\Server\apache-tomcat-9.0.55\webapps\ROOT] has finished in [38] ms
21-Mar-2025 15:33:34.264 INFO [main] org.apache.coyote.AbstractProtocol.start Starting ProtocolHandler ["http-nio-8080"]
21-Mar-2025 15:33:34.402 INFO [main] org.apache.catalina.startup.Catalina.start Server startup in [2214] milliseconds
21-Mar-2025 15:33:46.145 INFO [Thread-2] org.apache.coyote.AbstractProtocol.pause Pausing ProtocolHandler ["http-nio-8080"]
21-Mar-2025 15:33:46.313 INFO [Thread-2] org.apache.catalina.core.StandardService.stopInternal Stopping service [Catalina]
21-Mar-2025 15:33:46.427 INFO [Thread-2] org.apache.coyote.AbstractProtocol.stop Stopping ProtocolHandler ["http-nio-8080"]
21-Mar-2025 15:33:46.443 INFO [Thread-2] org.apache.coyote.AbstractProtocol.destroy Destroying ProtocolHandler ["http-nio-8080"]
21-Mar-2025 15:37:05.587 INFO [main] org.apache.catalina.startup.VersionLoggerListener.log Server version name:   Apache Tomcat/9.0.55
21-Mar-2025 15:37:05.592 INFO [main] org.apache.catalina.startup.VersionLoggerListener.log Server built:          Nov 10 2021 08:26:45 UTC
21-Mar-2025 15:37:05.592 INFO [main] org.apache.catalina.startup.VersionLoggerListener.log Server version number: 9.0.55.0
21-Mar-2025 15:37:05.592 INFO [main] org.apache.catalina.startup.VersionLoggerListener.log OS Name:               Windows 11
21-Mar-2025 15:37:05.593 INFO [main] org.apache.catalina.startup.VersionLoggerListener.log OS Version:            10.0
21-Mar-2025 15:37:05.593 INFO [main] org.apache.catalina.startup.VersionLoggerListener.log Architecture:          amd64
21-Mar-2025 15:37:05.593 INFO [main] org.apache.catalina.startup.VersionLoggerListener.log Java Home:             C:\Program Files\Java\jdk-11.0.15.1
21-Mar-2025 15:37:05.593 INFO [main] org.apache.catalina.startup.VersionLoggerListener.log JVM Version:           11.0.15.1+2-LTS-10
21-Mar-2025 15:37:05.594 INFO [main] org.apache.catalina.startup.VersionLoggerListener.log JVM Vendor:            Oracle Corporation
21-Mar-2025 15:37:05.595 INFO [main] org.apache.catalina.startup.VersionLoggerListener.log CATALINA_BASE:         D:\Softwares\Server\apache-tomcat-9.0.55
21-Mar-2025 15:37:05.595 INFO [main] org.apache.catalina.startup.VersionLoggerListener.log CATALINA_HOME:         D:\Softwares\Server\apache-tomcat-9.0.55
21-Mar-2025 15:37:05.613 INFO [main] org.apache.catalina.startup.VersionLoggerListener.log Command line argument: --add-opens=java.base/java.lang=ALL-UNNAMED
21-Mar-2025 15:37:05.613 INFO [main] org.apache.catalina.startup.VersionLoggerListener.log Command line argument: --add-opens=java.base/java.io=ALL-UNNAMED
21-Mar-2025 15:37:05.614 INFO [main] org.apache.catalina.startup.VersionLoggerListener.log Command line argument: --add-opens=java.base/java.util=ALL-UNNAMED
21-Mar-2025 15:37:05.614 INFO [main] org.apache.catalina.startup.VersionLoggerListener.log Command line argument: --add-opens=java.base/java.util.concurrent=ALL-UNNAMED
21-Mar-2025 15:37:05.614 INFO [main] org.apache.catalina.startup.VersionLoggerListener.log Command line argument: --add-opens=java.rmi/sun.rmi.transport=ALL-UNNAMED
21-Mar-2025 15:37:05.614 INFO [main] org.apache.catalina.startup.VersionLoggerListener.log Command line argument: -Djava.util.logging.config.file=D:\Softwares\Server\apache-tomcat-9.0.55\conf\logging.properties
21-Mar-2025 15:37:05.615 INFO [main] org.apache.catalina.startup.VersionLoggerListener.log Command line argument: -Djava.util.logging.manager=org.apache.juli.ClassLoaderLogManager
21-Mar-2025 15:37:05.615 INFO [main] org.apache.catalina.startup.VersionLoggerListener.log Command line argument: -Djdk.tls.ephemeralDHKeySize=2048
21-Mar-2025 15:37:05.618 INFO [main] org.apache.catalina.startup.VersionLoggerListener.log Command line argument: -Djava.protocol.handler.pkgs=org.apache.catalina.webresources
21-Mar-2025 15:37:05.619 INFO [main] org.apache.catalina.startup.VersionLoggerListener.log Command line argument: -Dignore.endorsed.dirs=
21-Mar-2025 15:37:05.620 INFO [main] org.apache.catalina.startup.VersionLoggerListener.log Command line argument: -Dcatalina.base=D:\Softwares\Server\apache-tomcat-9.0.55
21-Mar-2025 15:37:05.621 INFO [main] org.apache.catalina.startup.VersionLoggerListener.log Command line argument: -Dcatalina.home=D:\Softwares\Server\apache-tomcat-9.0.55
21-Mar-2025 15:37:05.621 INFO [main] org.apache.catalina.startup.VersionLoggerListener.log Command line argument: -Djava.io.tmpdir=D:\Softwares\Server\apache-tomcat-9.0.55\temp
21-Mar-2025 15:37:05.628 INFO [main] org.apache.catalina.core.AprLifecycleListener.lifecycleEvent The Apache Tomcat Native library which allows using OpenSSL was not found on the java.library.path: [C:\Program Files\Java\jdk-11.0.15.1\bin;C:\Windows\Sun\Java\bin;C:\Windows\system32;C:\Windows;C:\Windows\system32;C:\Windows;C:\Windows\System32\Wbem;C:\Windows\System32\WindowsPowerShell\v1.0\;C:\Windows\System32\OpenSSH\;C:\Program Files\Git\cmd;C:\Program Files\Meld\;C:\Program Files\nodejs\;C:\Program Files\Docker\Docker\resources\bin;C:\Users\Lenovo\AppData\Local\Programs\Python\Python310\Scripts\;C:\Users\Lenovo\AppData\Local\Programs\Python\Python310\;C:\Windows\system32;C:\Windows;C:\Windows\System32\Wbem;C:\Windows\System32\WindowsPowerShell\v1.0\;C:\Windows\System32\OpenSSH\;C:\Program Files\Git\cmd;C:\Program Files\Meld\;C:\Program Files\nodejs\;C:\Program Files\Docker\Docker\resources\bin;;C:\Program Files\Java\jdk-11.0.15.1\bin;C:\Users\Lenovo\AppData\Roaming\npm;C:\Users\Lenovo\AppData\Local\Programs\Microsoft VS Code\bin;C:\Program Files\JetBrains\PyCharm Community Edition 2024.1.4\bin;;;.]
21-Mar-2025 15:37:06.000 INFO [main] org.apache.coyote.AbstractProtocol.init Initializing ProtocolHandler ["http-nio-8081"]
21-Mar-2025 15:37:06.042 INFO [main] org.apache.catalina.startup.Catalina.load Server initialization in [736] milliseconds
21-Mar-2025 15:37:06.142 INFO [main] org.apache.catalina.core.StandardService.startInternal Starting service [Catalina]
21-Mar-2025 15:37:06.143 INFO [main] org.apache.catalina.core.StandardEngine.startInternal Starting Servlet engine: [Apache Tomcat/9.0.55]
21-Mar-2025 15:37:06.189 INFO [main] org.apache.catalina.startup.HostConfig.deployWAR Deploying web application archive [D:\Softwares\Server\apache-tomcat-9.0.55\webapps\ORSProject-04.war]
21-Mar-2025 15:37:07.094 INFO [main] org.apache.jasper.servlet.TldScanner.scanJars At least one JAR was scanned for TLDs yet contained no TLDs. Enable debug logging for this logger for a complete list of JARs that were scanned but no TLDs were found in them. Skipping unneeded JARs during scanning can improve startup time and JSP compilation time.
21-Mar-2025 15:37:07.269 WARNING [main] org.apache.catalina.util.SessionIdGeneratorBase.createSecureRandom Creation of SecureRandom instance for session ID generation using [SHA1PRNG] took [130] milliseconds.
21-Mar-2025 15:37:07.309 INFO [main] org.apache.catalina.startup.HostConfig.deployWAR Deployment of web application archive [D:\Softwares\Server\apache-tomcat-9.0.55\webapps\ORSProject-04.war] has finished in [1,120] ms
21-Mar-2025 15:37:07.311 INFO [main] org.apache.catalina.startup.HostConfig.deployDirectory Deploying web application directory [D:\Softwares\Server\apache-tomcat-9.0.55\webapps\angular-aws]
21-Mar-2025 15:37:07.357 INFO [main] org.apache.catalina.startup.HostConfig.deployDirectory Deployment of web application directory [D:\Softwares\Server\apache-tomcat-9.0.55\webapps\angular-aws] has finished in [46] ms
21-Mar-2025 15:37:07.359 INFO [main] org.apache.catalina.startup.HostConfig.deployDirectory Deploying web application directory [D:\Softwares\Server\apache-tomcat-9.0.55\webapps\angular-django]
21-Mar-2025 15:37:07.421 INFO [main] org.apache.catalina.startup.HostConfig.deployDirectory Deployment of web application directory [D:\Softwares\Server\apache-tomcat-9.0.55\webapps\angular-django] has finished in [63] ms
21-Mar-2025 15:37:07.426 INFO [main] org.apache.catalina.startup.HostConfig.deployDirectory Deploying web application directory [D:\Softwares\Server\apache-tomcat-9.0.55\webapps\docs]
21-Mar-2025 15:37:07.500 INFO [main] org.apache.catalina.startup.HostConfig.deployDirectory Deployment of web application directory [D:\Softwares\Server\apache-tomcat-9.0.55\webapps\docs] has finished in [74] ms
21-Mar-2025 15:37:07.502 INFO [main] org.apache.catalina.startup.HostConfig.deployDirectory Deploying web application directory [D:\Softwares\Server\apache-tomcat-9.0.55\webapps\examples]
21-Mar-2025 15:37:07.937 INFO [main] org.apache.catalina.startup.HostConfig.deployDirectory Deployment of web application directory [D:\Softwares\Server\apache-tomcat-9.0.55\webapps\examples] has finished in [435] ms
21-Mar-2025 15:37:07.937 INFO [main] org.apache.catalina.startup.HostConfig.deployDirectory Deploying web application directory [D:\Softwares\Server\apache-tomcat-9.0.55\webapps\host-manager]
21-Mar-2025 15:37:07.998 INFO [main] org.apache.catalina.startup.HostConfig.deployDirectory Deployment of web application directory [D:\Softwares\Server\apache-tomcat-9.0.55\webapps\host-manager] has finished in [61] ms
21-Mar-2025 15:37:07.999 INFO [main] org.apache.catalina.startup.HostConfig.deployDirectory Deploying web application directory [D:\Softwares\Server\apache-tomcat-9.0.55\webapps\manager]
21-Mar-2025 15:37:08.044 INFO [main] org.apache.catalina.startup.HostConfig.deployDirectory Deployment of web application directory [D:\Softwares\Server\apache-tomcat-9.0.55\webapps\manager] has finished in [45] ms
21-Mar-2025 15:37:08.045 INFO [main] org.apache.catalina.startup.HostConfig.deployDirectory Deploying web application directory [D:\Softwares\Server\apache-tomcat-9.0.55\webapps\ROOT]
21-Mar-2025 15:37:08.093 INFO [main] org.apache.catalina.startup.HostConfig.deployDirectory Deployment of web application directory [D:\Softwares\Server\apache-tomcat-9.0.55\webapps\ROOT] has finished in [48] ms
21-Mar-2025 15:37:08.106 INFO [main] org.apache.coyote.AbstractProtocol.start Starting ProtocolHandler ["http-nio-8081"]
21-Mar-2025 15:37:08.283 INFO [main] org.apache.catalina.startup.Catalina.start Server startup in [2240] milliseconds
21-Mar-2025 15:38:37.891 INFO [Thread-2] org.apache.coyote.AbstractProtocol.pause Pausing ProtocolHandler ["http-nio-8081"]
21-Mar-2025 15:38:38.076 INFO [Thread-2] org.apache.catalina.core.StandardService.stopInternal Stopping service [Catalina]
21-Mar-2025 15:38:38.193 INFO [Thread-2] org.apache.coyote.AbstractProtocol.stop Stopping ProtocolHandler ["http-nio-8081"]
21-Mar-2025 15:38:38.217 INFO [Thread-2] org.apache.coyote.AbstractProtocol.destroy Destroying ProtocolHandler ["http-nio-8081"]
21-Mar-2025 17:16:40.473 INFO [main] org.apache.catalina.startup.VersionLoggerListener.log Server version name:   Apache Tomcat/9.0.55
21-Mar-2025 17:16:40.478 INFO [main] org.apache.catalina.startup.VersionLoggerListener.log Server built:          Nov 10 2021 08:26:45 UTC
21-Mar-2025 17:16:40.478 INFO [main] org.apache.catalina.startup.VersionLoggerListener.log Server version number: 9.0.55.0
21-Mar-2025 17:16:40.479 INFO [main] org.apache.catalina.startup.VersionLoggerListener.log OS Name:               Windows 11
21-Mar-2025 17:16:40.480 INFO [main] org.apache.catalina.startup.VersionLoggerListener.log OS Version:            10.0
21-Mar-2025 17:16:40.480 INFO [main] org.apache.catalina.startup.VersionLoggerListener.log Architecture:          amd64
21-Mar-2025 17:16:40.480 INFO [main] org.apache.catalina.startup.VersionLoggerListener.log Java Home:             C:\Program Files\Java\jdk-11.0.15.1
21-Mar-2025 17:16:40.481 INFO [main] org.apache.catalina.startup.VersionLoggerListener.log JVM Version:           11.0.15.1+2-LTS-10
21-Mar-2025 17:16:40.481 INFO [main] org.apache.catalina.startup.VersionLoggerListener.log JVM Vendor:            Oracle Corporation
21-Mar-2025 17:16:40.482 INFO [main] org.apache.catalina.startup.VersionLoggerListener.log CATALINA_BASE:         D:\Softwares\Server\apache-tomcat-9.0.55
21-Mar-2025 17:16:40.482 INFO [main] org.apache.catalina.startup.VersionLoggerListener.log CATALINA_HOME:         D:\Softwares\Server\apache-tomcat-9.0.55
21-Mar-2025 17:16:40.510 INFO [main] org.apache.catalina.startup.VersionLoggerListener.log Command line argument: --add-opens=java.base/java.lang=ALL-UNNAMED
21-Mar-2025 17:16:40.511 INFO [main] org.apache.catalina.startup.VersionLoggerListener.log Command line argument: --add-opens=java.base/java.io=ALL-UNNAMED
21-Mar-2025 17:16:40.511 INFO [main] org.apache.catalina.startup.VersionLoggerListener.log Command line argument: --add-opens=java.base/java.util=ALL-UNNAMED
21-Mar-2025 17:16:40.511 INFO [main] org.apache.catalina.startup.VersionLoggerListener.log Command line argument: --add-opens=java.base/java.util.concurrent=ALL-UNNAMED
21-Mar-2025 17:16:40.513 INFO [main] org.apache.catalina.startup.VersionLoggerListener.log Command line argument: --add-opens=java.rmi/sun.rmi.transport=ALL-UNNAMED
21-Mar-2025 17:16:40.513 INFO [main] org.apache.catalina.startup.VersionLoggerListener.log Command line argument: -Djava.util.logging.config.file=D:\Softwares\Server\apache-tomcat-9.0.55\conf\logging.properties
21-Mar-2025 17:16:40.513 INFO [main] org.apache.catalina.startup.VersionLoggerListener.log Command line argument: -Djava.util.logging.manager=org.apache.juli.ClassLoaderLogManager
21-Mar-2025 17:16:40.514 INFO [main] org.apache.catalina.startup.VersionLoggerListener.log Command line argument: -Djdk.tls.ephemeralDHKeySize=2048
21-Mar-2025 17:16:40.514 INFO [main] org.apache.catalina.startup.VersionLoggerListener.log Command line argument: -Djava.protocol.handler.pkgs=org.apache.catalina.webresources
21-Mar-2025 17:16:40.514 INFO [main] org.apache.catalina.startup.VersionLoggerListener.log Command line argument: -Dignore.endorsed.dirs=
21-Mar-2025 17:16:40.514 INFO [main] org.apache.catalina.startup.VersionLoggerListener.log Command line argument: -Dcatalina.base=D:\Softwares\Server\apache-tomcat-9.0.55
21-Mar-2025 17:16:40.515 INFO [main] org.apache.catalina.startup.VersionLoggerListener.log Command line argument: -Dcatalina.home=D:\Softwares\Server\apache-tomcat-9.0.55
21-Mar-2025 17:16:40.516 INFO [main] org.apache.catalina.startup.VersionLoggerListener.log Command line argument: -Djava.io.tmpdir=D:\Softwares\Server\apache-tomcat-9.0.55\temp
21-Mar-2025 17:16:40.526 INFO [main] org.apache.catalina.core.AprLifecycleListener.lifecycleEvent The Apache Tomcat Native library which allows using OpenSSL was not found on the java.library.path: [C:\Program Files\Java\jdk-11.0.15.1\bin;C:\Windows\Sun\Java\bin;C:\Windows\system32;C:\Windows;C:\Windows\system32;C:\Windows;C:\Windows\System32\Wbem;C:\Windows\System32\WindowsPowerShell\v1.0\;C:\Windows\System32\OpenSSH\;C:\Program Files\Git\cmd;C:\Program Files\Meld\;C:\Program Files\nodejs\;C:\Program Files\Docker\Docker\resources\bin;C:\Users\Lenovo\AppData\Local\Programs\Python\Python310\Scripts\;C:\Users\Lenovo\AppData\Local\Programs\Python\Python310\;C:\Windows\system32;C:\Windows;C:\Windows\System32\Wbem;C:\Windows\System32\WindowsPowerShell\v1.0\;C:\Windows\System32\OpenSSH\;C:\Program Files\Git\cmd;C:\Program Files\Meld\;C:\Program Files\nodejs\;C:\Program Files\Docker\Docker\resources\bin;;C:\Program Files\Java\jdk-11.0.15.1\bin;C:\Users\Lenovo\AppData\Roaming\npm;C:\Users\Lenovo\AppData\Local\Programs\Microsoft VS Code\bin;C:\Program Files\JetBrains\PyCharm Community Edition 2024.1.4\bin;;;.]
21-Mar-2025 17:16:41.326 INFO [main] org.apache.coyote.AbstractProtocol.init Initializing ProtocolHandler ["http-nio-8080"]
21-Mar-2025 17:16:41.402 INFO [main] org.apache.catalina.startup.Catalina.load Server initialization in [1660] milliseconds
21-Mar-2025 17:16:41.694 INFO [main] org.apache.catalina.core.StandardService.startInternal Starting service [Catalina]
21-Mar-2025 17:16:41.695 INFO [main] org.apache.catalina.core.StandardEngine.startInternal Starting Servlet engine: [Apache Tomcat/9.0.55]
21-Mar-2025 17:16:41.745 INFO [main] org.apache.catalina.startup.HostConfig.deployWAR Deploying web application archive [D:\Softwares\Server\apache-tomcat-9.0.55\webapps\ORSProject-04.war]
21-Mar-2025 17:16:43.162 INFO [main] org.apache.jasper.servlet.TldScanner.scanJars At least one JAR was scanned for TLDs yet contained no TLDs. Enable debug logging for this logger for a complete list of JARs that were scanned but no TLDs were found in them. Skipping unneeded JARs during scanning can improve startup time and JSP compilation time.
21-Mar-2025 17:16:43.532 WARNING [main] org.apache.catalina.util.SessionIdGeneratorBase.createSecureRandom Creation of SecureRandom instance for session ID generation using [SHA1PRNG] took [312] milliseconds.
21-Mar-2025 17:16:43.587 INFO [main] org.apache.catalina.startup.HostConfig.deployWAR Deployment of web application archive [D:\Softwares\Server\apache-tomcat-9.0.55\webapps\ORSProject-04.war] has finished in [1,841] ms
21-Mar-2025 17:16:43.588 INFO [main] org.apache.catalina.startup.HostConfig.deployDirectory Deploying web application directory [D:\Softwares\Server\apache-tomcat-9.0.55\webapps\angular-aws]
21-Mar-2025 17:16:43.639 INFO [main] org.apache.catalina.startup.HostConfig.deployDirectory Deployment of web application directory [D:\Softwares\Server\apache-tomcat-9.0.55\webapps\angular-aws] has finished in [51] ms
21-Mar-2025 17:16:43.641 INFO [main] org.apache.catalina.startup.HostConfig.deployDirectory Deploying web application directory [D:\Softwares\Server\apache-tomcat-9.0.55\webapps\angular-django]
21-Mar-2025 17:16:43.689 INFO [main] org.apache.catalina.startup.HostConfig.deployDirectory Deployment of web application directory [D:\Softwares\Server\apache-tomcat-9.0.55\webapps\angular-django] has finished in [48] ms
21-Mar-2025 17:16:43.692 INFO [main] org.apache.catalina.startup.HostConfig.deployDirectory Deploying web application directory [D:\Softwares\Server\apache-tomcat-9.0.55\webapps\docs]
21-Mar-2025 17:16:43.741 INFO [main] org.apache.catalina.startup.HostConfig.deployDirectory Deployment of web application directory [D:\Softwares\Server\apache-tomcat-9.0.55\webapps\docs] has finished in [50] ms
21-Mar-2025 17:16:43.744 INFO [main] org.apache.catalina.startup.HostConfig.deployDirectory Deploying web application directory [D:\Softwares\Server\apache-tomcat-9.0.55\webapps\examples]
21-Mar-2025 17:16:44.298 INFO [main] org.apache.catalina.startup.HostConfig.deployDirectory Deployment of web application directory [D:\Softwares\Server\apache-tomcat-9.0.55\webapps\examples] has finished in [554] ms
21-Mar-2025 17:16:44.299 INFO [main] org.apache.catalina.startup.HostConfig.deployDirectory Deploying web application directory [D:\Softwares\Server\apache-tomcat-9.0.55\webapps\host-manager]
21-Mar-2025 17:16:44.366 INFO [main] org.apache.catalina.startup.HostConfig.deployDirectory Deployment of web application directory [D:\Softwares\Server\apache-tomcat-9.0.55\webapps\host-manager] has finished in [67] ms
21-Mar-2025 17:16:44.367 INFO [main] org.apache.catalina.startup.HostConfig.deployDirectory Deploying web application directory [D:\Softwares\Server\apache-tomcat-9.0.55\webapps\manager]
21-Mar-2025 17:16:44.427 INFO [main] org.apache.catalina.startup.HostConfig.deployDirectory Deployment of web application directory [D:\Softwares\Server\apache-tomcat-9.0.55\webapps\manager] has finished in [60] ms
21-Mar-2025 17:16:44.428 INFO [main] org.apache.catalina.startup.HostConfig.deployDirectory Deploying web application directory [D:\Softwares\Server\apache-tomcat-9.0.55\webapps\ROOT]
21-Mar-2025 17:16:44.469 INFO [main] org.apache.catalina.startup.HostConfig.deployDirectory Deployment of web application directory [D:\Softwares\Server\apache-tomcat-9.0.55\webapps\ROOT] has finished in [41] ms
21-Mar-2025 17:16:44.477 INFO [main] org.apache.coyote.AbstractProtocol.start Starting ProtocolHandler ["http-nio-8080"]
21-Mar-2025 17:16:44.737 INFO [main] org.apache.catalina.startup.Catalina.start Server startup in [3333] milliseconds
21-Mar-2025 17:18:53.366 INFO [Thread-2] org.apache.coyote.AbstractProtocol.pause Pausing ProtocolHandler ["http-nio-8080"]
21-Mar-2025 17:18:53.571 INFO [Thread-2] org.apache.catalina.core.StandardService.stopInternal Stopping service [Catalina]
21-Mar-2025 17:18:53.689 INFO [Thread-2] org.apache.coyote.AbstractProtocol.stop Stopping ProtocolHandler ["http-nio-8080"]
21-Mar-2025 17:18:53.705 INFO [Thread-2] org.apache.coyote.AbstractProtocol.destroy Destroying ProtocolHandler ["http-nio-8080"]
21-Mar-2025 19:24:44.711 INFO [main] org.apache.catalina.startup.VersionLoggerListener.log Server version name:   Apache Tomcat/9.0.55
21-Mar-2025 19:24:44.715 INFO [main] org.apache.catalina.startup.VersionLoggerListener.log Server built:          Nov 10 2021 08:26:45 UTC
21-Mar-2025 19:24:44.716 INFO [main] org.apache.catalina.startup.VersionLoggerListener.log Server version number: 9.0.55.0
21-Mar-2025 19:24:44.716 INFO [main] org.apache.catalina.startup.VersionLoggerListener.log OS Name:               Windows 11
21-Mar-2025 19:24:44.716 INFO [main] org.apache.catalina.startup.VersionLoggerListener.log OS Version:            10.0
21-Mar-2025 19:24:44.717 INFO [main] org.apache.catalina.startup.VersionLoggerListener.log Architecture:          amd64
21-Mar-2025 19:24:44.717 INFO [main] org.apache.catalina.startup.VersionLoggerListener.log Java Home:             C:\Program Files\Java\jdk-11.0.15.1
21-Mar-2025 19:24:44.718 INFO [main] org.apache.catalina.startup.VersionLoggerListener.log JVM Version:           11.0.15.1+2-LTS-10
21-Mar-2025 19:24:44.718 INFO [main] org.apache.catalina.startup.VersionLoggerListener.log JVM Vendor:            Oracle Corporation
21-Mar-2025 19:24:44.718 INFO [main] org.apache.catalina.startup.VersionLoggerListener.log CATALINA_BASE:         D:\Rays\DevOps Workspace\devops-batch-servers\apache-tomcat-9.0.55
21-Mar-2025 19:24:44.719 INFO [main] org.apache.catalina.startup.VersionLoggerListener.log CATALINA_HOME:         D:\Rays\DevOps Workspace\devops-batch-servers\apache-tomcat-9.0.55
21-Mar-2025 19:24:44.742 INFO [main] org.apache.catalina.startup.VersionLoggerListener.log Command line argument: --add-opens=java.base/java.lang=ALL-UNNAMED
21-Mar-2025 19:24:44.743 INFO [main] org.apache.catalina.startup.VersionLoggerListener.log Command line argument: --add-opens=java.base/java.io=ALL-UNNAMED
21-Mar-2025 19:24:44.743 INFO [main] org.apache.catalina.startup.VersionLoggerListener.log Command line argument: --add-opens=java.base/java.util=ALL-UNNAMED
21-Mar-2025 19:24:44.743 INFO [main] org.apache.catalina.startup.VersionLoggerListener.log Command line argument: --add-opens=java.base/java.util.concurrent=ALL-UNNAMED
21-Mar-2025 19:24:44.744 INFO [main] org.apache.catalina.startup.VersionLoggerListener.log Command line argument: --add-opens=java.rmi/sun.rmi.transport=ALL-UNNAMED
21-Mar-2025 19:24:44.744 INFO [main] org.apache.catalina.startup.VersionLoggerListener.log Command line argument: -Djava.util.logging.config.file=D:\Rays\DevOps Workspace\devops-batch-servers\apache-tomcat-9.0.55\conf\logging.properties
21-Mar-2025 19:24:44.744 INFO [main] org.apache.catalina.startup.VersionLoggerListener.log Command line argument: -Djava.util.logging.manager=org.apache.juli.ClassLoaderLogManager
21-Mar-2025 19:24:44.744 INFO [main] org.apache.catalina.startup.VersionLoggerListener.log Command line argument: -Djdk.tls.ephemeralDHKeySize=2048
21-Mar-2025 19:24:44.745 INFO [main] org.apache.catalina.startup.VersionLoggerListener.log Command line argument: -Djava.protocol.handler.pkgs=org.apache.catalina.webresources
21-Mar-2025 19:24:44.745 INFO [main] org.apache.catalina.startup.VersionLoggerListener.log Command line argument: -Dignore.endorsed.dirs=
21-Mar-2025 19:24:44.745 INFO [main] org.apache.catalina.startup.VersionLoggerListener.log Command line argument: -Dcatalina.base=D:\Rays\DevOps Workspace\devops-batch-servers\apache-tomcat-9.0.55
21-Mar-2025 19:24:44.745 INFO [main] org.apache.catalina.startup.VersionLoggerListener.log Command line argument: -Dcatalina.home=D:\Rays\DevOps Workspace\devops-batch-servers\apache-tomcat-9.0.55
21-Mar-2025 19:24:44.745 INFO [main] org.apache.catalina.startup.VersionLoggerListener.log Command line argument: -Djava.io.tmpdir=D:\Rays\DevOps Workspace\devops-batch-servers\apache-tomcat-9.0.55\temp
21-Mar-2025 19:24:44.752 INFO [main] org.apache.catalina.core.AprLifecycleListener.lifecycleEvent The Apache Tomcat Native library which allows using OpenSSL was not found on the java.library.path: [C:\Program Files\Java\jdk-11.0.15.1\bin;C:\Windows\Sun\Java\bin;C:\Windows\system32;C:\Windows;C:\Windows\system32;C:\Windows;C:\Windows\System32\Wbem;C:\Windows\System32\WindowsPowerShell\v1.0\;C:\Windows\System32\OpenSSH\;C:\Program Files\Git\cmd;C:\Program Files\Meld\;C:\Program Files\nodejs\;C:\Program Files\Docker\Docker\resources\bin;C:\Users\Lenovo\AppData\Local\Programs\Python\Python310\Scripts\;C:\Users\Lenovo\AppData\Local\Programs\Python\Python310\;C:\Windows\system32;C:\Windows;C:\Windows\System32\Wbem;C:\Windows\System32\WindowsPowerShell\v1.0\;C:\Windows\System32\OpenSSH\;C:\Program Files\Git\cmd;C:\Program Files\Meld\;C:\Program Files\nodejs\;C:\Program Files\Docker\Docker\resources\bin;;C:\Program Files\Java\jdk-11.0.15.1\bin;C:\Users\Lenovo\AppData\Roaming\npm;C:\Users\Lenovo\AppData\Local\Programs\Microsoft VS Code\bin;C:\Program Files\JetBrains\PyCharm Community Edition 2024.1.4\bin;;;.]
21-Mar-2025 19:24:45.151 INFO [main] org.apache.coyote.AbstractProtocol.init Initializing ProtocolHandler ["http-nio-8080"]
21-Mar-2025 19:24:45.193 INFO [main] org.apache.catalina.startup.Catalina.load Server initialization in [755] milliseconds
21-Mar-2025 19:24:45.278 INFO [main] org.apache.catalina.core.StandardService.startInternal Starting service [Catalina]
21-Mar-2025 19:24:45.279 INFO [main] org.apache.catalina.core.StandardEngine.startInternal Starting Servlet engine: [Apache Tomcat/9.0.55]
21-Mar-2025 19:24:45.301 INFO [main] org.apache.catalina.startup.HostConfig.deployDirectory Deploying web application directory [D:\Rays\DevOps Workspace\devops-batch-servers\apache-tomcat-9.0.55\webapps\docs]
21-Mar-2025 19:24:46.046 WARNING [main] org.apache.catalina.util.SessionIdGeneratorBase.createSecureRandom Creation of SecureRandom instance for session ID generation using [SHA1PRNG] took [135] milliseconds.
21-Mar-2025 19:24:46.069 INFO [main] org.apache.catalina.startup.HostConfig.deployDirectory Deployment of web application directory [D:\Rays\DevOps Workspace\devops-batch-servers\apache-tomcat-9.0.55\webapps\docs] has finished in [769] ms
21-Mar-2025 19:24:46.074 INFO [main] org.apache.catalina.startup.HostConfig.deployDirectory Deploying web application directory [D:\Rays\DevOps Workspace\devops-batch-servers\apache-tomcat-9.0.55\webapps\examples]
21-Mar-2025 19:24:46.894 INFO [main] org.apache.catalina.startup.HostConfig.deployDirectory Deployment of web application directory [D:\Rays\DevOps Workspace\devops-batch-servers\apache-tomcat-9.0.55\webapps\examples] has finished in [820] ms
21-Mar-2025 19:24:46.896 INFO [main] org.apache.catalina.startup.HostConfig.deployDirectory Deploying web application directory [D:\Rays\DevOps Workspace\devops-batch-servers\apache-tomcat-9.0.55\webapps\host-manager]
21-Mar-2025 19:24:46.950 INFO [main] org.apache.catalina.startup.HostConfig.deployDirectory Deployment of web application directory [D:\Rays\DevOps Workspace\devops-batch-servers\apache-tomcat-9.0.55\webapps\host-manager] has finished in [53] ms
21-Mar-2025 19:24:46.952 INFO [main] org.apache.catalina.startup.HostConfig.deployDirectory Deploying web application directory [D:\Rays\DevOps Workspace\devops-batch-servers\apache-tomcat-9.0.55\webapps\manager]
21-Mar-2025 19:24:46.994 INFO [main] org.apache.catalina.startup.HostConfig.deployDirectory Deployment of web application directory [D:\Rays\DevOps Workspace\devops-batch-servers\apache-tomcat-9.0.55\webapps\manager] has finished in [43] ms
21-Mar-2025 19:24:46.995 INFO [main] org.apache.catalina.startup.HostConfig.deployDirectory Deploying web application directory [D:\Rays\DevOps Workspace\devops-batch-servers\apache-tomcat-9.0.55\webapps\ROOT]
21-Mar-2025 19:24:47.032 INFO [main] org.apache.catalina.startup.HostConfig.deployDirectory Deployment of web application directory [D:\Rays\DevOps Workspace\devops-batch-servers\apache-tomcat-9.0.55\webapps\ROOT] has finished in [36] ms
21-Mar-2025 19:24:47.036 INFO [main] org.apache.coyote.AbstractProtocol.start Starting ProtocolHandler ["http-nio-8080"]
21-Mar-2025 19:24:47.154 INFO [main] org.apache.catalina.startup.Catalina.start Server startup in [1961] milliseconds
21-Mar-2025 19:25:24.129 INFO [Thread-2] org.apache.coyote.AbstractProtocol.pause Pausing ProtocolHandler ["http-nio-8080"]
21-Mar-2025 19:25:24.283 INFO [Thread-2] org.apache.catalina.core.StandardService.stopInternal Stopping service [Catalina]
21-Mar-2025 19:25:24.350 INFO [Thread-2] org.apache.coyote.AbstractProtocol.stop Stopping ProtocolHandler ["http-nio-8080"]
21-Mar-2025 19:25:24.370 INFO [Thread-2] org.apache.coyote.AbstractProtocol.destroy Destroying ProtocolHandler ["http-nio-8080"]
