02-Apr-2025 23:20:24.533 INFO [main] org.apache.catalina.startup.VersionLoggerListener.log Server version name:   Apache Tomcat/9.0.55
02-Apr-2025 23:20:24.538 INFO [main] org.apache.catalina.startup.VersionLoggerListener.log Server built:          Nov 10 2021 08:26:45 UTC
02-Apr-2025 23:20:24.538 INFO [main] org.apache.catalina.startup.VersionLoggerListener.log Server version number: 9.0.55.0
02-Apr-2025 23:20:24.539 INFO [main] org.apache.catalina.startup.VersionLoggerListener.log OS Name:               Windows 11
02-Apr-2025 23:20:24.539 INFO [main] org.apache.catalina.startup.VersionLoggerListener.log OS Version:            10.0
02-Apr-2025 23:20:24.539 INFO [main] org.apache.catalina.startup.VersionLoggerListener.log Architecture:          amd64
02-Apr-2025 23:20:24.539 INFO [main] org.apache.catalina.startup.VersionLoggerListener.log Java Home:             C:\Program Files\Java\jdk-11.0.15.1
02-Apr-2025 23:20:24.540 INFO [main] org.apache.catalina.startup.VersionLoggerListener.log JVM Version:           11.0.15.1+2-LTS-10
02-Apr-2025 23:20:24.540 INFO [main] org.apache.catalina.startup.VersionLoggerListener.log JVM Vendor:            Oracle Corporation
02-Apr-2025 23:20:24.540 INFO [main] org.apache.catalina.startup.VersionLoggerListener.log CATALINA_BASE:         D:\softwares\servers\apache-tomcat-9.0.55
02-Apr-2025 23:20:24.540 INFO [main] org.apache.catalina.startup.VersionLoggerListener.log CATALINA_HOME:         D:\softwares\servers\apache-tomcat-9.0.55
02-Apr-2025 23:20:24.563 INFO [main] org.apache.catalina.startup.VersionLoggerListener.log Command line argument: --add-opens=java.base/java.lang=ALL-UNNAMED
02-Apr-2025 23:20:24.564 INFO [main] org.apache.catalina.startup.VersionLoggerListener.log Command line argument: --add-opens=java.base/java.io=ALL-UNNAMED
02-Apr-2025 23:20:24.564 INFO [main] org.apache.catalina.startup.VersionLoggerListener.log Command line argument: --add-opens=java.base/java.util=ALL-UNNAMED
02-Apr-2025 23:20:24.564 INFO [main] org.apache.catalina.startup.VersionLoggerListener.log Command line argument: --add-opens=java.base/java.util.concurrent=ALL-UNNAMED
02-Apr-2025 23:20:24.564 INFO [main] org.apache.catalina.startup.VersionLoggerListener.log Command line argument: --add-opens=java.rmi/sun.rmi.transport=ALL-UNNAMED
02-Apr-2025 23:20:24.565 INFO [main] org.apache.catalina.startup.VersionLoggerListener.log Command line argument: -Djava.util.logging.config.file=D:\softwares\servers\apache-tomcat-9.0.55\conf\logging.properties
02-Apr-2025 23:20:24.565 INFO [main] org.apache.catalina.startup.VersionLoggerListener.log Command line argument: -Djava.util.logging.manager=org.apache.juli.ClassLoaderLogManager
02-Apr-2025 23:20:24.565 INFO [main] org.apache.catalina.startup.VersionLoggerListener.log Command line argument: -Djdk.tls.ephemeralDHKeySize=2048
02-Apr-2025 23:20:24.565 INFO [main] org.apache.catalina.startup.VersionLoggerListener.log Command line argument: -Djava.protocol.handler.pkgs=org.apache.catalina.webresources
02-Apr-2025 23:20:24.565 INFO [main] org.apache.catalina.startup.VersionLoggerListener.log Command line argument: -Dignore.endorsed.dirs=
02-Apr-2025 23:20:24.566 INFO [main] org.apache.catalina.startup.VersionLoggerListener.log Command line argument: -Dcatalina.base=D:\softwares\servers\apache-tomcat-9.0.55
02-Apr-2025 23:20:24.566 INFO [main] org.apache.catalina.startup.VersionLoggerListener.log Command line argument: -Dcatalina.home=D:\softwares\servers\apache-tomcat-9.0.55
02-Apr-2025 23:20:24.566 INFO [main] org.apache.catalina.startup.VersionLoggerListener.log Command line argument: -Djava.io.tmpdir=D:\softwares\servers\apache-tomcat-9.0.55\temp
02-Apr-2025 23:20:24.571 INFO [main] org.apache.catalina.core.AprLifecycleListener.lifecycleEvent The Apache Tomcat Native library which allows using OpenSSL was not found on the java.library.path: [C:\Program Files\Java\jdk-11.0.15.1\bin;C:\Windows\Sun\Java\bin;C:\Windows\system32;C:\Windows;C:\Windows\system32;C:\Windows;C:\Windows\System32\Wbem;C:\Windows\System32\WindowsPowerShell\v1.0\;C:\Windows\System32\OpenSSH\;C:\Program Files\Git\cmd;;C:\Program Files\Docker\Docker\resources\bin;C:\Windows\system32;C:\Windows;C:\Windows\System32\Wbem;C:\Windows\System32\WindowsPowerShell\v1.0\;C:\Windows\System32\OpenSSH\;C:\Program Files\Git\cmd;;C:\Program Files\Docker\Docker\resources\bin;C:\Program Files\Java\jdk-11.0.15.1\bin;C:\Users\pushpraj\AppData\Local\Programs\Microsoft VS Code\bin;.]
02-Apr-2025 23:20:24.988 INFO [main] org.apache.coyote.AbstractProtocol.init Initializing ProtocolHandler ["http-nio-8080"]
02-Apr-2025 23:20:25.030 INFO [main] org.apache.catalina.startup.Catalina.load Server initialization in [748] milliseconds
02-Apr-2025 23:20:25.118 INFO [main] org.apache.catalina.core.StandardService.startInternal Starting service [Catalina]
02-Apr-2025 23:20:25.118 INFO [main] org.apache.catalina.core.StandardEngine.startInternal Starting Servlet engine: [Apache Tomcat/9.0.55]
02-Apr-2025 23:20:25.133 INFO [main] org.apache.catalina.startup.HostConfig.deployDirectory Deploying web application directory [D:\softwares\servers\apache-tomcat-9.0.55\webapps\docs]
02-Apr-2025 23:20:25.594 WARNING [main] org.apache.catalina.util.SessionIdGeneratorBase.createSecureRandom Creation of SecureRandom instance for session ID generation using [SHA1PRNG] took [240] milliseconds.
02-Apr-2025 23:20:25.630 INFO [main] org.apache.catalina.startup.HostConfig.deployDirectory Deployment of web application directory [D:\softwares\servers\apache-tomcat-9.0.55\webapps\docs] has finished in [497] ms
02-Apr-2025 23:20:25.633 INFO [main] org.apache.catalina.startup.HostConfig.deployDirectory Deploying web application directory [D:\softwares\servers\apache-tomcat-9.0.55\webapps\examples]
02-Apr-2025 23:20:26.080 INFO [main] org.apache.catalina.startup.HostConfig.deployDirectory Deployment of web application directory [D:\softwares\servers\apache-tomcat-9.0.55\webapps\examples] has finished in [446] ms
02-Apr-2025 23:20:26.082 INFO [main] org.apache.catalina.startup.HostConfig.deployDirectory Deploying web application directory [D:\softwares\servers\apache-tomcat-9.0.55\webapps\host-manager]
02-Apr-2025 23:20:26.121 INFO [main] org.apache.catalina.startup.HostConfig.deployDirectory Deployment of web application directory [D:\softwares\servers\apache-tomcat-9.0.55\webapps\host-manager] has finished in [39] ms
02-Apr-2025 23:20:26.123 INFO [main] org.apache.catalina.startup.HostConfig.deployDirectory Deploying web application directory [D:\softwares\servers\apache-tomcat-9.0.55\webapps\manager]
02-Apr-2025 23:20:26.152 INFO [main] org.apache.catalina.startup.HostConfig.deployDirectory Deployment of web application directory [D:\softwares\servers\apache-tomcat-9.0.55\webapps\manager] has finished in [29] ms
02-Apr-2025 23:20:26.153 INFO [main] org.apache.catalina.startup.HostConfig.deployDirectory Deploying web application directory [D:\softwares\servers\apache-tomcat-9.0.55\webapps\ROOT]
02-Apr-2025 23:20:26.180 INFO [main] org.apache.catalina.startup.HostConfig.deployDirectory Deployment of web application directory [D:\softwares\servers\apache-tomcat-9.0.55\webapps\ROOT] has finished in [26] ms
02-Apr-2025 23:20:26.185 INFO [main] org.apache.coyote.AbstractProtocol.start Starting ProtocolHandler ["http-nio-8080"]
02-Apr-2025 23:20:26.443 INFO [main] org.apache.catalina.startup.Catalina.start Server startup in [1412] milliseconds
02-Apr-2025 23:23:04.760 INFO [Thread-2] org.apache.coyote.AbstractProtocol.pause Pausing ProtocolHandler ["http-nio-8080"]
02-Apr-2025 23:23:05.086 INFO [Thread-2] org.apache.catalina.core.StandardService.stopInternal Stopping service [Catalina]
02-Apr-2025 23:23:05.212 INFO [Thread-2] org.apache.coyote.AbstractProtocol.stop Stopping ProtocolHandler ["http-nio-8080"]
02-Apr-2025 23:23:05.233 INFO [Thread-2] org.apache.coyote.AbstractProtocol.destroy Destroying ProtocolHandler ["http-nio-8080"]
