21-Mar-2025 15:20:08.547 INFO [main] org.apache.catalina.core.ApplicationContext.log ContextListener: contextInitialized()
21-Mar-2025 15:20:08.547 INFO [main] org.apache.catalina.core.ApplicationContext.log SessionListener: contextInitialized()
21-Mar-2025 15:20:08.549 INFO [main] org.apache.catalina.core.ApplicationContext.log ContextListener: attributeAdded('StockTicker', 'async.Stockticker@490c7a83')
21-Mar-2025 15:32:02.224 INFO [Thread-2] org.apache.catalina.core.ApplicationContext.log SessionListener: contextDestroyed()
21-Mar-2025 15:32:02.224 INFO [Thread-2] org.apache.catalina.core.ApplicationContext.log ContextListener: contextDestroyed()
21-Mar-2025 15:32:25.539 INFO [main] org.apache.catalina.core.ApplicationContext.log ContextListener: contextInitialized()
21-Mar-2025 15:32:25.539 INFO [main] org.apache.catalina.core.ApplicationContext.log SessionListener: contextInitialized()
21-Mar-2025 15:32:25.543 INFO [main] org.apache.catalina.core.ApplicationContext.log ContextListener: attributeAdded('StockTicker', 'async.Stockticker@b112b13')
21-Mar-2025 15:33:03.193 INFO [main] org.apache.catalina.core.ApplicationContext.log SessionListener: contextDestroyed()
21-Mar-2025 15:33:03.193 INFO [main] org.apache.catalina.core.ApplicationContext.log ContextListener: contextDestroyed()
21-Mar-2025 15:33:34.108 INFO [main] org.apache.catalina.core.ApplicationContext.log ContextListener: contextInitialized()
21-Mar-2025 15:33:34.108 INFO [main] org.apache.catalina.core.ApplicationContext.log SessionListener: contextInitialized()
21-Mar-2025 15:33:34.110 INFO [main] org.apache.catalina.core.ApplicationContext.log ContextListener: attributeAdded('StockTicker', 'async.Stockticker@5a02bfe3')
21-Mar-2025 15:33:46.380 INFO [Thread-2] org.apache.catalina.core.ApplicationContext.log SessionListener: contextDestroyed()
21-Mar-2025 15:33:46.380 INFO [Thread-2] org.apache.catalina.core.ApplicationContext.log ContextListener: contextDestroyed()
21-Mar-2025 15:37:07.925 INFO [main] org.apache.catalina.core.ApplicationContext.log ContextListener: contextInitialized()
21-Mar-2025 15:37:07.925 INFO [main] org.apache.catalina.core.ApplicationContext.log SessionListener: contextInitialized()
21-Mar-2025 15:37:07.927 INFO [main] org.apache.catalina.core.ApplicationContext.log ContextListener: attributeAdded('StockTicker', 'async.Stockticker@1a0d96a5')
21-Mar-2025 15:38:38.141 INFO [Thread-2] org.apache.catalina.core.ApplicationContext.log SessionListener: contextDestroyed()
21-Mar-2025 15:38:38.142 INFO [Thread-2] org.apache.catalina.core.ApplicationContext.log ContextListener: contextDestroyed()
21-Mar-2025 17:16:44.280 INFO [main] org.apache.catalina.core.ApplicationContext.log ContextListener: contextInitialized()
21-Mar-2025 17:16:44.280 INFO [main] org.apache.catalina.core.ApplicationContext.log SessionListener: contextInitialized()
21-Mar-2025 17:16:44.283 INFO [main] org.apache.catalina.core.ApplicationContext.log ContextListener: attributeAdded('StockTicker', 'async.Stockticker@423c5404')
21-Mar-2025 17:18:53.639 INFO [Thread-2] org.apache.catalina.core.ApplicationContext.log SessionListener: contextDestroyed()
21-Mar-2025 17:18:53.640 INFO [Thread-2] org.apache.catalina.core.ApplicationContext.log ContextListener: contextDestroyed()
21-Mar-2025 19:24:46.879 INFO [main] org.apache.catalina.core.ApplicationContext.log ContextListener: contextInitialized()
21-Mar-2025 19:24:46.879 INFO [main] org.apache.catalina.core.ApplicationContext.log SessionListener: contextInitialized()
21-Mar-2025 19:24:46.882 INFO [main] org.apache.catalina.core.ApplicationContext.log ContextListener: attributeAdded('StockTicker', 'async.Stockticker@52c8295b')
21-Mar-2025 19:25:24.322 INFO [Thread-2] org.apache.catalina.core.ApplicationContext.log SessionListener: contextDestroyed()
21-Mar-2025 19:25:24.323 INFO [Thread-2] org.apache.catalina.core.ApplicationContext.log ContextListener: contextDestroyed()
